
scontrol show jobid 8079706
JobId=8079706 JobName=debugjob-2-qed
   UserId=qed(3121029) GroupId=myano(6007398) MCS_label=N/A
   Priority=12164974 Nice=0 Account=ctb-myano QOS=normal
   JobState=TIMEOUT Reason=TimeLimit Dependency=(null)
   Requeue=0 Restarts=0 BatchFlag=0 Reboot=0 ExitCode=0:0
   RunTime=00:45:10 TimeLimit=00:45:00 TimeMin=N/A
   SubmitTime=2022-08-29T11:11:19 EligibleTime=2022-08-29T11:11:19
   AccrueTime=2022-08-29T11:11:19
   StartTime=2022-08-29T11:13:13 EndTime=2022-08-29T11:58:23 Deadline=N/A
   SuspendTime=None SecsPreSuspend=0 LastSchedEval=2022-08-29T11:13:13 Scheduler=Backfill
   Partition=debug AllocNode:Sid=nia-login01:170981
   ReqNodeList=(null) ExcNodeList=(null)
   NodeList=nia[0004-0005]
   BatchHost=nia0004
   NumNodes=2 NumCPUs=160 NumTasks=80 CPUs/Task=1 ReqB:S:C:T=0:0:*:*
   TRES=cpu=160,mem=350000M,node=2,billing=80
   Socks/Node=* NtasksPerN:B:S:C=0:0:*:* CoreSpec=*
   MinCPUsNode=1 MinMemoryNode=175000M MinTmpDiskNode=0
   Features=[skylake|cascade] DelayBoot=00:00:00
   OverSubscribe=NO Contiguous=0 Licenses=(null) Network=(null)
   Command=(null)
   WorkDir=/gpfs/fs0/scratch/m/myano/qed/aps_cases/naca_euler_optim/build
   Comment=/opt/slurm/bin/salloc --time=0:45:0 --job-name=debugjob-2-qed --nodes=2 --ntasks=80 -p debug --exclusive 
   Power=
   

sacct -j 8079706
JobID           JobName    Account    Elapsed  MaxVMSize     MaxRSS  SystemCPU    UserCPU ExitCode 
------------ ---------- ---------- ---------- ---------- ---------- ---------- ---------- -------- 
8079706      debugjob-+  ctb-myano   00:45:10                         01:52:37 1-15:04:19      0:0 
8079706.int+ interacti+  ctb-myano   00:46:10   1587740K    645480K   00:00:15  00:31.383      0:9 
8079706.ext+     extern  ctb-myano   00:45:10    142384K      1124K  00:00.001   00:00:00      0:0 
8079706.0     pmi_proxy  ctb-myano   00:10:54  34534980K   3187496K  34:54.547   13:54:29      0:0 
8079706.1     pmi_proxy  ctb-myano   00:00:11    278080K      1424K  01:24.375  12:35.270      0:0 
8079706.2     pmi_proxy  ctb-myano   00:07:27  38269236K   6892224K  28:11.503   09:25:06      0:0 
8079706.3     pmi_proxy  ctb-myano   00:07:59  38290516K   6882288K  31:40.019   10:04:42      0:0 
8079706.4     pmi_proxy  ctb-myano   00:04:18  37054912K   5630008K  16:11.711   05:26:53      0:0 
