
scontrol show jobid 8027944
JobId=8027944 JobName=debugjob-1-qed
   UserId=qed(3121029) GroupId=myano(6007398) MCS_label=N/A
   Priority=12225759 Nice=0 Account=ctb-myano QOS=normal
   JobState=COMPLETING Reason=TimeLimit Dependency=(null)
   Requeue=0 Restarts=0 BatchFlag=0 Reboot=0 ExitCode=0:0
   RunTime=01:00:14 TimeLimit=01:00:00 TimeMin=N/A
   SubmitTime=2022-08-22T16:28:57 EligibleTime=2022-08-22T16:28:57
   AccrueTime=Unknown
   StartTime=2022-08-22T16:28:57 EndTime=2022-08-22T17:29:11 Deadline=N/A
   SuspendTime=None SecsPreSuspend=0 LastSchedEval=2022-08-22T16:28:57 Scheduler=Main
   Partition=debug AllocNode:Sid=nia-login06:38836
   ReqNodeList=(null) ExcNodeList=(null)
   NodeList=nia0001
   BatchHost=nia0001
   NumNodes=1 NumCPUs=80 NumTasks=40 CPUs/Task=1 ReqB:S:C:T=0:0:*:*
   TRES=cpu=80,mem=175000M,node=1,billing=40
   Socks/Node=* NtasksPerN:B:S:C=0:0:*:* CoreSpec=*
   MinCPUsNode=1 MinMemoryNode=175000M MinTmpDiskNode=0
   Features=[skylake|cascade] DelayBoot=00:00:00
   OverSubscribe=NO Contiguous=0 Licenses=(null) Network=(null)
   Command=(null)
   WorkDir=/gpfs/fs0/scratch/m/myano/qed/aps_cases/naca_euler_optim/build
   Comment=/opt/slurm/bin/salloc --time=1:0:0 --job-name=debugjob-1-qed --nodes=1 --ntasks=40 -p debug --exclusive 
   Power=
   

sacct -j 8027944
JobID           JobName    Account    Elapsed  MaxVMSize     MaxRSS  SystemCPU    UserCPU ExitCode 
------------ ---------- ---------- ---------- ---------- ---------- ---------- ---------- -------- 
8027944      debugjob-+  ctb-myano   01:00:14                        55:25.035 1-08:22:45      0:0 
8027944.int+ interacti+  ctb-myano   01:01:08    837748K     47200K  00:02.670  00:06.563      0:0 
8027944.ext+     extern  ctb-myano   01:00:14    142384K       940K   00:00:00   00:00:00      0:0 
8027944.0     pmi_proxy  ctb-myano   00:50:08  38826048K   7320900K  55:22.364 1-08:22:38      0:0 
