The system is: Linux - 3.10.0-1160.71.1.el7.x86_64 - x86_64
Compiling the C compiler identification source file "CMakeCCompilerId.c" succeeded.
Compiler: /scinet/niagara/intel/2018.2/compilers_and_libraries_2018.2.199/linux/mpi/intel64/bin/mpicc 
Build flags: 
Id flags:  

The output was:
0


Compilation of the C compiler identification source "CMakeCCompilerId.c" produced "a.out"

The C compiler identification is Intel, found in "/scratch/m/myano/qed/aps_cases/naca_euler_optim/build_mpi/CMakeFiles/3.10.3/CompilerIdC/a.out"

Compiling the CXX compiler identification source file "CMakeCXXCompilerId.cpp" succeeded.
Compiler: /scinet/niagara/intel/2018.2/compilers_and_libraries_2018.2.199/linux/mpi/intel64/bin/mpicxx 
Build flags: 
Id flags:  

The output was:
0


Compilation of the CXX compiler identification source "CMakeCXXCompilerId.cpp" produced "a.out"

The CXX compiler identification is Intel, found in "/scratch/m/myano/qed/aps_cases/naca_euler_optim/build_mpi/CMakeFiles/3.10.3/CompilerIdCXX/a.out"

Determining if the C compiler works passed with the following output:
Change Dir: /scratch/m/myano/qed/aps_cases/naca_euler_optim/build_mpi/CMakeFiles/CMakeTmp

Run Build Command:"/usr/bin/gmake" "cmTC_b8023/fast"
/usr/bin/gmake -f CMakeFiles/cmTC_b8023.dir/build.make CMakeFiles/cmTC_b8023.dir/build
gmake[1]: Entering directory `/gpfs/fs0/scratch/m/myano/qed/aps_cases/naca_euler_optim/build_mpi/CMakeFiles/CMakeTmp'
Building C object CMakeFiles/cmTC_b8023.dir/testCCompiler.c.o
/scinet/niagara/intel/2018.2/compilers_and_libraries_2018.2.199/linux/mpi/intel64/bin/mpicc    -o CMakeFiles/cmTC_b8023.dir/testCCompiler.c.o   -c /scratch/m/myano/qed/aps_cases/naca_euler_optim/build_mpi/CMakeFiles/CMakeTmp/testCCompiler.c
Linking C executable cmTC_b8023
/gpfs/fs1/scinet/niagara/software/2018a/opt/base/cmake/3.10.3/bin/cmake -E cmake_link_script CMakeFiles/cmTC_b8023.dir/link.txt --verbose=1
/scinet/niagara/intel/2018.2/compilers_and_libraries_2018.2.199/linux/mpi/intel64/bin/mpicc      -rdynamic CMakeFiles/cmTC_b8023.dir/testCCompiler.c.o  -o cmTC_b8023 
gmake[1]: Leaving directory `/gpfs/fs0/scratch/m/myano/qed/aps_cases/naca_euler_optim/build_mpi/CMakeFiles/CMakeTmp'


Detecting C compiler ABI info compiled with the following output:
Change Dir: /scratch/m/myano/qed/aps_cases/naca_euler_optim/build_mpi/CMakeFiles/CMakeTmp

Run Build Command:"/usr/bin/gmake" "cmTC_3af4f/fast"
/usr/bin/gmake -f CMakeFiles/cmTC_3af4f.dir/build.make CMakeFiles/cmTC_3af4f.dir/build
gmake[1]: Entering directory `/gpfs/fs0/scratch/m/myano/qed/aps_cases/naca_euler_optim/build_mpi/CMakeFiles/CMakeTmp'
Building C object CMakeFiles/cmTC_3af4f.dir/CMakeCCompilerABI.c.o
/scinet/niagara/intel/2018.2/compilers_and_libraries_2018.2.199/linux/mpi/intel64/bin/mpicc    -o CMakeFiles/cmTC_3af4f.dir/CMakeCCompilerABI.c.o   -c /gpfs/fs1/scinet/niagara/software/2018a/opt/base/cmake/3.10.3/share/cmake-3.10/Modules/CMakeCCompilerABI.c
Linking C executable cmTC_3af4f
/gpfs/fs1/scinet/niagara/software/2018a/opt/base/cmake/3.10.3/bin/cmake -E cmake_link_script CMakeFiles/cmTC_3af4f.dir/link.txt --verbose=1
/scinet/niagara/intel/2018.2/compilers_and_libraries_2018.2.199/linux/mpi/intel64/bin/mpicc     -v -rdynamic CMakeFiles/cmTC_3af4f.dir/CMakeCCompilerABI.c.o  -o cmTC_3af4f 
mpiicc for the Intel(R) MPI Library 2018 Update 2 for Linux*
Copyright(C) 2003-2018, Intel Corporation.  All rights reserved.
__INTEL_PRE_CFLAGS options:  -gcc-name=core-gcc -gxx-name=core-g++
icc version 18.0.2 (gcc version 6.4.0 compatibility)
/gpfs/fs1/scinet/niagara/intel/2018.2/compilers_and_libraries_2018.2.199/linux/bin/intel64/mcpcom    -mGLOB_em64t=TRUE -mP1OPT_version=18.0-intel64 -mGLOB_diag_file=CMakeFiles/cmTC_3af4f.dir/CMakeCCompilerABI.c.diag -mGLOB_long_size_64 -mGLOB_routine_pointer_size_64 -mP1OPT_print_version=FALSE -mCG_use_gas_got_workaround=F -mP2OPT_align_option_used=TRUE -mGLOB_gcc_version=640 "-mGLOB_options_string=-I/scinet/niagara/intel/2018.2/compilers_and_libraries_2018.2.199/linux/mpi/intel64/include -gcc-name=core-gcc -gxx-name=core-g++ -v -rdynamic -o cmTC_3af4f -L/scinet/niagara/intel/2018.2/compilers_and_libraries_2018.2.199/linux/mpi/intel64/lib/release_mt -L/scinet/niagara/intel/2018.2/compilers_and_libraries_2018.2.199/linux/mpi/intel64/lib -Xlinker --enable-new-dtags -Xlinker -rpath -Xlinker /scinet/niagara/intel/2018.2/compilers_and_libraries_2018.2.199/linux/mpi/intel64/lib/release_mt -Xlinker -rpath -Xlinker /scinet/niagara/intel/2018.2/compilers_and_libraries_2018.2.199/linux/mpi/intel64/lib -Xlinker -rpath -Xlinker /opt/intel/mpi-rt/2017.0.0/intel64/lib/release_mt -Xlinker -rpath -Xlinker /opt/intel/mpi-rt/2017.0.0/intel64/lib -lmpifort -lmpi -lmpigi -ldl -lrt -lpthread" -mGLOB_cxx_limited_range=FALSE -mCG_extend_parms=FALSE -mGLOB_compiler_bin_directory=/gpfs/fs1/scinet/niagara/intel/2018.2/compilers_and_libraries_2018.2.199/linux/bin/intel64 -mGLOB_as_output_backup_file_name=/tmp/iccdKGWWYas_.s -mGLOB_dashboard_use_source_name -mIPOPT_activate -mGLOB_product_id_code=0x22006d92 -mP3OPT_use_mspp_call_convention -mP2OPT_subs_out_of_bound=FALSE -mP2OPT_disam_type_based_disam=2 -mP2OPT_disam_assume_ansi_c -mP2OPT_checked_disam_ansi_alias=TRUE -mGLOB_ansi_alias -mPGOPTI_value_profile_use=T -mGLOB_opt_report_use_source_name -mP2OPT_il0_array_sections=TRUE -mGLOB_offload_mode=1 -mP2OPT_offload_unique_var_string=icc0439168221d2wiAN -mP2OPT_hlo -mP2OPT_hpo_rtt_control=0 -mIPOPT_args_in_regs=0 -mP2OPT_disam_assume_nonstd_intent_in=FALSE -mGLOB_imf_mapping_library=/gpfs/fs1/scinet/niagara/intel/2018.2/compilers_and_libraries_2018.2.199/linux/bin/intel64/libiml_attr.so -mPGOPTI_gen_threadsafe_level=0 -mIPOPT_link -mIPOPT_ipo_activate -mIPOPT_mo_activate -mIPOPT_source_files_list=/tmp/iccslisvjFeGR -mIPOPT_mo_global_data -mIPOPT_link_script_file=/tmp/iccscriptjCoUqz "-mIPOPT_cmdline_link="/lib/../lib64/crt1.o" "/lib/../lib64/crti.o" "/gpfs/fs1/scinet/niagara/software/2018a/core/bin/../lib/gcc/x86_64-pc-linux-gnu/6.4.0/crtbegin.o" "-export-dynamic" "--eh-frame-hdr" "--build-id" "-dynamic-linker" "/lib64/ld-linux-x86-64.so.2" "-m" "elf_x86_64" "-L/scinet/niagara/intel/2018.2/compilers_and_libraries_2018.2.199/linux/mpi/intel64/lib/release_mt" "-L/scinet/niagara/intel/2018.2/compilers_and_libraries_2018.2.199/linux/mpi/intel64/lib" "-o" "cmTC_3af4f" "-L/scinet/niagara/software/2018a/opt/intel-2018.2/hdf5/1.8.20/lib" "-L/scinet/niagara/software/2018a/opt/intel-2018.2-intelmpi-2018.2/boost/1.67.0/lib" "-L/scinet/niagara/intel/2018.2/compilers_and_libraries_2018.2.199/linux/ipp/lib/intel64" "-L/scinet/niagara/intel/2018.2/compilers_and_libraries_2018.2.199/linux/compiler/lib/intel64_lin" "-L/scinet/niagara/intel/2018.2/compilers_and_libraries_2018.2.199/linux/mkl/lib/intel64_lin" "-L/scinet/niagara/intel/2018.2/compilers_and_libraries_2018.2.199/linux/tbb/lib/intel64/gcc4.1" "-L/scinet/niagara/intel/2018.2/compilers_and_libraries_2018.2.199/linux/daal/lib/intel64_lin" "-L/scinet/niagara/intel/2018.2/compilers_and_libraries_2018.2.199/linux/tbb/lib/intel64_lin/gcc4.4" "-L/gpfs/fs1/scinet/niagara/intel/2018.2/compilers_and_libraries_2018.2.199/linux/compiler/lib/intel64_lin" "-L/gpfs/fs1/scinet/niagara/software/2018a/core/bin/../lib/gcc/x86_64-pc-linux-gnu/6.4.0/" "-L/gpfs/fs1/scinet/niagara/software/2018a/core/bin/../lib/gcc/" "-L/gpfs/fs1/scinet/niagara/software/2018a/core/bin/../lib/gcc/x86_64-pc-linux-gnu/6.4.0/../../../../lib64" "-L/gpfs/fs1/scinet/niagara/software/2018a/core/bin/../lib/gcc/x86_64-pc-linux-gnu/6.4.0/../../../../lib64/" "-L/lib/../lib64" "-L/lib/../lib64/" "-L/usr/lib/../lib64" "-L/usr/lib/../lib64/" "-L/scinet/niagara/software/2018a/opt/intel-2018.2/hdf5/1.8.20/lib/" "-L/scinet/niagara/software/2018a/opt/intel-2018.2-intelmpi-2018.2/boost/1.67.0/lib/" "-L/scinet/niagara/intel/2018.2/compilers_and_libraries_2018.2.199/linux/ipp/lib/intel64/" "-L/scinet/niagara/intel/2018.2/compilers_and_libraries_2018.2.199/linux/compiler/lib/intel64_lin/" "-L/scinet/niagara/intel/2018.2/compilers_and_libraries_2018.2.199/linux/mkl/lib/intel64_lin/" "-L/scinet/niagara/intel/2018.2/compilers_and_libraries_2018.2.199/linux/tbb/lib/intel64/gcc4.1/" "-L/scinet/niagara/intel/2018.2/compilers_and_libraries_2018.2.199/linux/daal/lib/intel64_lin/" "-L/scinet/niagara/intel/2018.2/compilers_and_libraries_2018.2.199/linux/tbb/lib/intel64_lin/gcc4.4/" "-L/gpfs/fs1/scinet/niagara/software/2018a/core/bin/../lib/gcc/x86_64-pc-linux-gnu/6.4.0/../../../" "-L/lib64" "-L/lib/" "-L/usr/lib64" "-L/usr/lib" "CMakeFiles/cmTC_3af4f.dir/CMakeCCompilerABI.c.o" "--enable-new-dtags" "-rpath" "/scinet/niagara/intel/2018.2/compilers_and_libraries_2018.2.199/linux/mpi/intel64/lib/release_mt" "-rpath" "/scinet/niagara/intel/2018.2/compilers_and_libraries_2018.2.199/linux/mpi/intel64/lib" "-rpath" "/opt/intel/mpi-rt/2017.0.0/intel64/lib/release_mt" "-rpath" "/opt/intel/mpi-rt/2017.0.0/intel64/lib" "-lmpifort" "-lmpi" "-lmpigi" "-ldl" "-lrt" "-lpthread" "-Bdynamic" "-Bstatic" "-limf" "-lsvml" "-lirng" "-Bdynamic" "-lm" "-Bstatic" "-lipgo" "-ldecimal" "--as-needed" "-Bdynamic" "-lcilkrts" "-lstdc++" "--no-as-needed" "-lgcc" "-lgcc_s" "-Bstatic" "-lirc" "-lsvml" "-Bdynamic" "-lc" "-lgcc" "-lgcc_s" "-Bstatic" "-lirc_s" "-Bdynamic" "-ldl" "-lc" "/gpfs/fs1/scinet/niagara/software/2018a/core/bin/../lib/gcc/x86_64-pc-linux-gnu/6.4.0/crtend.o" "/lib/../lib64/crtn.o"" -mIPOPT_il_in_obj -mIPOPT_ipo_activate_warn=FALSE -mIPOPT_obj_output_file_name=/tmp/ipo_iccbUBaaD.o -mIPOPT_whole_archive_fixup_file_name=/tmp/iccwarchtJyjg6 -mGLOB_linker_version=2.27 -mGLOB_driver_tempfile_name=/tmp/icctempfileHMmI2N -mP3OPT_asm_target=P3OPT_ASM_TARGET_GAS -mGLOB_async_unwind_tables=TRUE -mGLOB_obj_output_file=/tmp/ipo_iccbUBaaD.o -mGLOB_source_dialect=GLOB_SOURCE_DIALECT_NONE -mP1OPT_source_file_name=ipo_out.c CMakeFiles/cmTC_3af4f.dir/CMakeCCompilerABI.c.o -mIPOPT_object_files=T -mIPOPT_assembly_files=/tmp/iccalisJtSwF2 -mIPOPT_generated_tempfiles=/tmp/iccelisBWYcqK -mIPOPT_embedded_object_base_name=/tmp/icceobjx3SSas -mIPOPT_cmdline_link_new_name=/tmp/iccllis1NJyV9
ld    /lib/../lib64/crt1.o /lib/../lib64/crti.o /gpfs/fs1/scinet/niagara/software/2018a/core/bin/../lib/gcc/x86_64-pc-linux-gnu/6.4.0/crtbegin.o -export-dynamic --eh-frame-hdr --build-id -dynamic-linker /lib64/ld-linux-x86-64.so.2 -m elf_x86_64 -L/scinet/niagara/intel/2018.2/compilers_and_libraries_2018.2.199/linux/mpi/intel64/lib/release_mt -L/scinet/niagara/intel/2018.2/compilers_and_libraries_2018.2.199/linux/mpi/intel64/lib -o cmTC_3af4f -L/scinet/niagara/software/2018a/opt/intel-2018.2/hdf5/1.8.20/lib -L/scinet/niagara/software/2018a/opt/intel-2018.2-intelmpi-2018.2/boost/1.67.0/lib -L/scinet/niagara/intel/2018.2/compilers_and_libraries_2018.2.199/linux/ipp/lib/intel64 -L/scinet/niagara/intel/2018.2/compilers_and_libraries_2018.2.199/linux/compiler/lib/intel64_lin -L/scinet/niagara/intel/2018.2/compilers_and_libraries_2018.2.199/linux/mkl/lib/intel64_lin -L/scinet/niagara/intel/2018.2/compilers_and_libraries_2018.2.199/linux/tbb/lib/intel64/gcc4.1 -L/scinet/niagara/intel/2018.2/compilers_and_libraries_2018.2.199/linux/daal/lib/intel64_lin -L/scinet/niagara/intel/2018.2/compilers_and_libraries_2018.2.199/linux/tbb/lib/intel64_lin/gcc4.4 -L/gpfs/fs1/scinet/niagara/intel/2018.2/compilers_and_libraries_2018.2.199/linux/compiler/lib/intel64_lin -L/gpfs/fs1/scinet/niagara/software/2018a/core/bin/../lib/gcc/x86_64-pc-linux-gnu/6.4.0/ -L/gpfs/fs1/scinet/niagara/software/2018a/core/bin/../lib/gcc/ -L/gpfs/fs1/scinet/niagara/software/2018a/core/bin/../lib/gcc/x86_64-pc-linux-gnu/6.4.0/../../../../lib64 -L/gpfs/fs1/scinet/niagara/software/2018a/core/bin/../lib/gcc/x86_64-pc-linux-gnu/6.4.0/../../../../lib64/ -L/lib/../lib64 -L/lib/../lib64/ -L/usr/lib/../lib64 -L/usr/lib/../lib64/ -L/scinet/niagara/software/2018a/opt/intel-2018.2/hdf5/1.8.20/lib/ -L/scinet/niagara/software/2018a/opt/intel-2018.2-intelmpi-2018.2/boost/1.67.0/lib/ -L/scinet/niagara/intel/2018.2/compilers_and_libraries_2018.2.199/linux/ipp/lib/intel64/ -L/scinet/niagara/intel/2018.2/compilers_and_libraries_2018.2.199/linux/compiler/lib/intel64_lin/ -L/scinet/niagara/intel/2018.2/compilers_and_libraries_2018.2.199/linux/mkl/lib/intel64_lin/ -L/scinet/niagara/intel/2018.2/compilers_and_libraries_2018.2.199/linux/tbb/lib/intel64/gcc4.1/ -L/scinet/niagara/intel/2018.2/compilers_and_libraries_2018.2.199/linux/daal/lib/intel64_lin/ -L/scinet/niagara/intel/2018.2/compilers_and_libraries_2018.2.199/linux/tbb/lib/intel64_lin/gcc4.4/ -L/gpfs/fs1/scinet/niagara/software/2018a/core/bin/../lib/gcc/x86_64-pc-linux-gnu/6.4.0/../../../ -L/lib64 -L/lib/ -L/usr/lib64 -L/usr/lib CMakeFiles/cmTC_3af4f.dir/CMakeCCompilerABI.c.o --enable-new-dtags -rpath /scinet/niagara/intel/2018.2/compilers_and_libraries_2018.2.199/linux/mpi/intel64/lib/release_mt -rpath /scinet/niagara/intel/2018.2/compilers_and_libraries_2018.2.199/linux/mpi/intel64/lib -rpath /opt/intel/mpi-rt/2017.0.0/intel64/lib/release_mt -rpath /opt/intel/mpi-rt/2017.0.0/intel64/lib -lmpifort -lmpi -lmpigi -ldl -lrt -lpthread -Bdynamic -Bstatic -limf -lsvml -lirng -Bdynamic -lm -Bstatic -lipgo -ldecimal --as-needed -Bdynamic -lcilkrts -lstdc++ --no-as-needed -lgcc -lgcc_s -Bstatic -lirc -lsvml -Bdynamic -lc -lgcc -lgcc_s -Bstatic -lirc_s -Bdynamic -ldl -lc /gpfs/fs1/scinet/niagara/software/2018a/core/bin/../lib/gcc/x86_64-pc-linux-gnu/6.4.0/crtend.o /lib/../lib64/crtn.o
gmake[1]: Leaving directory `/gpfs/fs0/scratch/m/myano/qed/aps_cases/naca_euler_optim/build_mpi/CMakeFiles/CMakeTmp'


Parsed C implicit link information from above output:
  link line regex: [^( *|.*[/\])(ld|CMAKE_LINK_STARTFILE-NOTFOUND|([^/\]+-)?ld|collect2)[^/\]*( |$)]
  ignore line: [Change Dir: /scratch/m/myano/qed/aps_cases/naca_euler_optim/build_mpi/CMakeFiles/CMakeTmp]
  ignore line: []
  ignore line: [Run Build Command:"/usr/bin/gmake" "cmTC_3af4f/fast"]
  ignore line: [/usr/bin/gmake -f CMakeFiles/cmTC_3af4f.dir/build.make CMakeFiles/cmTC_3af4f.dir/build]
  ignore line: [gmake[1]: Entering directory `/gpfs/fs0/scratch/m/myano/qed/aps_cases/naca_euler_optim/build_mpi/CMakeFiles/CMakeTmp']
  ignore line: [Building C object CMakeFiles/cmTC_3af4f.dir/CMakeCCompilerABI.c.o]
  ignore line: [/scinet/niagara/intel/2018.2/compilers_and_libraries_2018.2.199/linux/mpi/intel64/bin/mpicc    -o CMakeFiles/cmTC_3af4f.dir/CMakeCCompilerABI.c.o   -c /gpfs/fs1/scinet/niagara/software/2018a/opt/base/cmake/3.10.3/share/cmake-3.10/Modules/CMakeCCompilerABI.c]
  ignore line: [Linking C executable cmTC_3af4f]
  ignore line: [/gpfs/fs1/scinet/niagara/software/2018a/opt/base/cmake/3.10.3/bin/cmake -E cmake_link_script CMakeFiles/cmTC_3af4f.dir/link.txt --verbose=1]
  ignore line: [/scinet/niagara/intel/2018.2/compilers_and_libraries_2018.2.199/linux/mpi/intel64/bin/mpicc     -v -rdynamic CMakeFiles/cmTC_3af4f.dir/CMakeCCompilerABI.c.o  -o cmTC_3af4f ]
  ignore line: [mpiicc for the Intel(R) MPI Library 2018 Update 2 for Linux*]
  ignore line: [Copyright(C) 2003-2018, Intel Corporation.  All rights reserved.]
  ignore line: [__INTEL_PRE_CFLAGS options:  -gcc-name=core-gcc -gxx-name=core-g++]
  ignore line: [icc version 18.0.2 (gcc version 6.4.0 compatibility)]
  ignore line: [/gpfs/fs1/scinet/niagara/intel/2018.2/compilers_and_libraries_2018.2.199/linux/bin/intel64/mcpcom    -mGLOB_em64t=TRUE -mP1OPT_version=18.0-intel64 -mGLOB_diag_file=CMakeFiles/cmTC_3af4f.dir/CMakeCCompilerABI.c.diag -mGLOB_long_size_64 -mGLOB_routine_pointer_size_64 -mP1OPT_print_version=FALSE -mCG_use_gas_got_workaround=F -mP2OPT_align_option_used=TRUE -mGLOB_gcc_version=640 "-mGLOB_options_string=-I/scinet/niagara/intel/2018.2/compilers_and_libraries_2018.2.199/linux/mpi/intel64/include -gcc-name=core-gcc -gxx-name=core-g++ -v -rdynamic -o cmTC_3af4f -L/scinet/niagara/intel/2018.2/compilers_and_libraries_2018.2.199/linux/mpi/intel64/lib/release_mt -L/scinet/niagara/intel/2018.2/compilers_and_libraries_2018.2.199/linux/mpi/intel64/lib -Xlinker --enable-new-dtags -Xlinker -rpath -Xlinker /scinet/niagara/intel/2018.2/compilers_and_libraries_2018.2.199/linux/mpi/intel64/lib/release_mt -Xlinker -rpath -Xlinker /scinet/niagara/intel/2018.2/compilers_and_libraries_2018.2.199/linux/mpi/intel64/lib -Xlinker -rpath -Xlinker /opt/intel/mpi-rt/2017.0.0/intel64/lib/release_mt -Xlinker -rpath -Xlinker /opt/intel/mpi-rt/2017.0.0/intel64/lib -lmpifort -lmpi -lmpigi -ldl -lrt -lpthread" -mGLOB_cxx_limited_range=FALSE -mCG_extend_parms=FALSE -mGLOB_compiler_bin_directory=/gpfs/fs1/scinet/niagara/intel/2018.2/compilers_and_libraries_2018.2.199/linux/bin/intel64 -mGLOB_as_output_backup_file_name=/tmp/iccdKGWWYas_.s -mGLOB_dashboard_use_source_name -mIPOPT_activate -mGLOB_product_id_code=0x22006d92 -mP3OPT_use_mspp_call_convention -mP2OPT_subs_out_of_bound=FALSE -mP2OPT_disam_type_based_disam=2 -mP2OPT_disam_assume_ansi_c -mP2OPT_checked_disam_ansi_alias=TRUE -mGLOB_ansi_alias -mPGOPTI_value_profile_use=T -mGLOB_opt_report_use_source_name -mP2OPT_il0_array_sections=TRUE -mGLOB_offload_mode=1 -mP2OPT_offload_unique_var_string=icc0439168221d2wiAN -mP2OPT_hlo -mP2OPT_hpo_rtt_control=0 -mIPOPT_args_in_regs=0 -mP2OPT_disam_assume_nonstd_intent_in=FALSE -mGLOB_imf_mapping_library=/gpfs/fs1/scinet/niagara/intel/2018.2/compilers_and_libraries_2018.2.199/linux/bin/intel64/libiml_attr.so -mPGOPTI_gen_threadsafe_level=0 -mIPOPT_link -mIPOPT_ipo_activate -mIPOPT_mo_activate -mIPOPT_source_files_list=/tmp/iccslisvjFeGR -mIPOPT_mo_global_data -mIPOPT_link_script_file=/tmp/iccscriptjCoUqz "-mIPOPT_cmdline_link="/lib/../lib64/crt1.o" "/lib/../lib64/crti.o" "/gpfs/fs1/scinet/niagara/software/2018a/core/bin/../lib/gcc/x86_64-pc-linux-gnu/6.4.0/crtbegin.o" "-export-dynamic" "--eh-frame-hdr" "--build-id" "-dynamic-linker" "/lib64/ld-linux-x86-64.so.2" "-m" "elf_x86_64" "-L/scinet/niagara/intel/2018.2/compilers_and_libraries_2018.2.199/linux/mpi/intel64/lib/release_mt" "-L/scinet/niagara/intel/2018.2/compilers_and_libraries_2018.2.199/linux/mpi/intel64/lib" "-o" "cmTC_3af4f" "-L/scinet/niagara/software/2018a/opt/intel-2018.2/hdf5/1.8.20/lib" "-L/scinet/niagara/software/2018a/opt/intel-2018.2-intelmpi-2018.2/boost/1.67.0/lib" "-L/scinet/niagara/intel/2018.2/compilers_and_libraries_2018.2.199/linux/ipp/lib/intel64" "-L/scinet/niagara/intel/2018.2/compilers_and_libraries_2018.2.199/linux/compiler/lib/intel64_lin" "-L/scinet/niagara/intel/2018.2/compilers_and_libraries_2018.2.199/linux/mkl/lib/intel64_lin" "-L/scinet/niagara/intel/2018.2/compilers_and_libraries_2018.2.199/linux/tbb/lib/intel64/gcc4.1" "-L/scinet/niagara/intel/2018.2/compilers_and_libraries_2018.2.199/linux/daal/lib/intel64_lin" "-L/scinet/niagara/intel/2018.2/compilers_and_libraries_2018.2.199/linux/tbb/lib/intel64_lin/gcc4.4" "-L/gpfs/fs1/scinet/niagara/intel/2018.2/compilers_and_libraries_2018.2.199/linux/compiler/lib/intel64_lin" "-L/gpfs/fs1/scinet/niagara/software/2018a/core/bin/../lib/gcc/x86_64-pc-linux-gnu/6.4.0/" "-L/gpfs/fs1/scinet/niagara/software/2018a/core/bin/../lib/gcc/" "-L/gpfs/fs1/scinet/niagara/software/2018a/core/bin/../lib/gcc/x86_64-pc-linux-gnu/6.4.0/../../../../lib64" "-L/gpfs/fs1/scinet/niagara/software/2018a/core/bin/../lib/gcc/x86_64-pc-linux-gnu/6.4.0/../../../../lib64/" "-L/lib/../lib64" "-L/lib/../lib64/" "-L/usr/lib/../lib64" "-L/usr/lib/../lib64/" "-L/scinet/niagara/software/2018a/opt/intel-2018.2/hdf5/1.8.20/lib/" "-L/scinet/niagara/software/2018a/opt/intel-2018.2-intelmpi-2018.2/boost/1.67.0/lib/" "-L/scinet/niagara/intel/2018.2/compilers_and_libraries_2018.2.199/linux/ipp/lib/intel64/" "-L/scinet/niagara/intel/2018.2/compilers_and_libraries_2018.2.199/linux/compiler/lib/intel64_lin/" "-L/scinet/niagara/intel/2018.2/compilers_and_libraries_2018.2.199/linux/mkl/lib/intel64_lin/" "-L/scinet/niagara/intel/2018.2/compilers_and_libraries_2018.2.199/linux/tbb/lib/intel64/gcc4.1/" "-L/scinet/niagara/intel/2018.2/compilers_and_libraries_2018.2.199/linux/daal/lib/intel64_lin/" "-L/scinet/niagara/intel/2018.2/compilers_and_libraries_2018.2.199/linux/tbb/lib/intel64_lin/gcc4.4/" "-L/gpfs/fs1/scinet/niagara/software/2018a/core/bin/../lib/gcc/x86_64-pc-linux-gnu/6.4.0/../../../" "-L/lib64" "-L/lib/" "-L/usr/lib64" "-L/usr/lib" "CMakeFiles/cmTC_3af4f.dir/CMakeCCompilerABI.c.o" "--enable-new-dtags" "-rpath" "/scinet/niagara/intel/2018.2/compilers_and_libraries_2018.2.199/linux/mpi/intel64/lib/release_mt" "-rpath" "/scinet/niagara/intel/2018.2/compilers_and_libraries_2018.2.199/linux/mpi/intel64/lib" "-rpath" "/opt/intel/mpi-rt/2017.0.0/intel64/lib/release_mt" "-rpath" "/opt/intel/mpi-rt/2017.0.0/intel64/lib" "-lmpifort" "-lmpi" "-lmpigi" "-ldl" "-lrt" "-lpthread" "-Bdynamic" "-Bstatic" "-limf" "-lsvml" "-lirng" "-Bdynamic" "-lm" "-Bstatic" "-lipgo" "-ldecimal" "--as-needed" "-Bdynamic" "-lcilkrts" "-lstdc++" "--no-as-needed" "-lgcc" "-lgcc_s" "-Bstatic" "-lirc" "-lsvml" "-Bdynamic" "-lc" "-lgcc" "-lgcc_s" "-Bstatic" "-lirc_s" "-Bdynamic" "-ldl" "-lc" "/gpfs/fs1/scinet/niagara/software/2018a/core/bin/../lib/gcc/x86_64-pc-linux-gnu/6.4.0/crtend.o" "/lib/../lib64/crtn.o"" -mIPOPT_il_in_obj -mIPOPT_ipo_activate_warn=FALSE -mIPOPT_obj_output_file_name=/tmp/ipo_iccbUBaaD.o -mIPOPT_whole_archive_fixup_file_name=/tmp/iccwarchtJyjg6 -mGLOB_linker_version=2.27 -mGLOB_driver_tempfile_name=/tmp/icctempfileHMmI2N -mP3OPT_asm_target=P3OPT_ASM_TARGET_GAS -mGLOB_async_unwind_tables=TRUE -mGLOB_obj_output_file=/tmp/ipo_iccbUBaaD.o -mGLOB_source_dialect=GLOB_SOURCE_DIALECT_NONE -mP1OPT_source_file_name=ipo_out.c CMakeFiles/cmTC_3af4f.dir/CMakeCCompilerABI.c.o -mIPOPT_object_files=T -mIPOPT_assembly_files=/tmp/iccalisJtSwF2 -mIPOPT_generated_tempfiles=/tmp/iccelisBWYcqK -mIPOPT_embedded_object_base_name=/tmp/icceobjx3SSas -mIPOPT_cmdline_link_new_name=/tmp/iccllis1NJyV9]
  link line: [ld    /lib/../lib64/crt1.o /lib/../lib64/crti.o /gpfs/fs1/scinet/niagara/software/2018a/core/bin/../lib/gcc/x86_64-pc-linux-gnu/6.4.0/crtbegin.o -export-dynamic --eh-frame-hdr --build-id -dynamic-linker /lib64/ld-linux-x86-64.so.2 -m elf_x86_64 -L/scinet/niagara/intel/2018.2/compilers_and_libraries_2018.2.199/linux/mpi/intel64/lib/release_mt -L/scinet/niagara/intel/2018.2/compilers_and_libraries_2018.2.199/linux/mpi/intel64/lib -o cmTC_3af4f -L/scinet/niagara/software/2018a/opt/intel-2018.2/hdf5/1.8.20/lib -L/scinet/niagara/software/2018a/opt/intel-2018.2-intelmpi-2018.2/boost/1.67.0/lib -L/scinet/niagara/intel/2018.2/compilers_and_libraries_2018.2.199/linux/ipp/lib/intel64 -L/scinet/niagara/intel/2018.2/compilers_and_libraries_2018.2.199/linux/compiler/lib/intel64_lin -L/scinet/niagara/intel/2018.2/compilers_and_libraries_2018.2.199/linux/mkl/lib/intel64_lin -L/scinet/niagara/intel/2018.2/compilers_and_libraries_2018.2.199/linux/tbb/lib/intel64/gcc4.1 -L/scinet/niagara/intel/2018.2/compilers_and_libraries_2018.2.199/linux/daal/lib/intel64_lin -L/scinet/niagara/intel/2018.2/compilers_and_libraries_2018.2.199/linux/tbb/lib/intel64_lin/gcc4.4 -L/gpfs/fs1/scinet/niagara/intel/2018.2/compilers_and_libraries_2018.2.199/linux/compiler/lib/intel64_lin -L/gpfs/fs1/scinet/niagara/software/2018a/core/bin/../lib/gcc/x86_64-pc-linux-gnu/6.4.0/ -L/gpfs/fs1/scinet/niagara/software/2018a/core/bin/../lib/gcc/ -L/gpfs/fs1/scinet/niagara/software/2018a/core/bin/../lib/gcc/x86_64-pc-linux-gnu/6.4.0/../../../../lib64 -L/gpfs/fs1/scinet/niagara/software/2018a/core/bin/../lib/gcc/x86_64-pc-linux-gnu/6.4.0/../../../../lib64/ -L/lib/../lib64 -L/lib/../lib64/ -L/usr/lib/../lib64 -L/usr/lib/../lib64/ -L/scinet/niagara/software/2018a/opt/intel-2018.2/hdf5/1.8.20/lib/ -L/scinet/niagara/software/2018a/opt/intel-2018.2-intelmpi-2018.2/boost/1.67.0/lib/ -L/scinet/niagara/intel/2018.2/compilers_and_libraries_2018.2.199/linux/ipp/lib/intel64/ -L/scinet/niagara/intel/2018.2/compilers_and_libraries_2018.2.199/linux/compiler/lib/intel64_lin/ -L/scinet/niagara/intel/2018.2/compilers_and_libraries_2018.2.199/linux/mkl/lib/intel64_lin/ -L/scinet/niagara/intel/2018.2/compilers_and_libraries_2018.2.199/linux/tbb/lib/intel64/gcc4.1/ -L/scinet/niagara/intel/2018.2/compilers_and_libraries_2018.2.199/linux/daal/lib/intel64_lin/ -L/scinet/niagara/intel/2018.2/compilers_and_libraries_2018.2.199/linux/tbb/lib/intel64_lin/gcc4.4/ -L/gpfs/fs1/scinet/niagara/software/2018a/core/bin/../lib/gcc/x86_64-pc-linux-gnu/6.4.0/../../../ -L/lib64 -L/lib/ -L/usr/lib64 -L/usr/lib CMakeFiles/cmTC_3af4f.dir/CMakeCCompilerABI.c.o --enable-new-dtags -rpath /scinet/niagara/intel/2018.2/compilers_and_libraries_2018.2.199/linux/mpi/intel64/lib/release_mt -rpath /scinet/niagara/intel/2018.2/compilers_and_libraries_2018.2.199/linux/mpi/intel64/lib -rpath /opt/intel/mpi-rt/2017.0.0/intel64/lib/release_mt -rpath /opt/intel/mpi-rt/2017.0.0/intel64/lib -lmpifort -lmpi -lmpigi -ldl -lrt -lpthread -Bdynamic -Bstatic -limf -lsvml -lirng -Bdynamic -lm -Bstatic -lipgo -ldecimal --as-needed -Bdynamic -lcilkrts -lstdc++ --no-as-needed -lgcc -lgcc_s -Bstatic -lirc -lsvml -Bdynamic -lc -lgcc -lgcc_s -Bstatic -lirc_s -Bdynamic -ldl -lc /gpfs/fs1/scinet/niagara/software/2018a/core/bin/../lib/gcc/x86_64-pc-linux-gnu/6.4.0/crtend.o /lib/../lib64/crtn.o]
    arg [ld] ==> ignore
    arg [/lib/../lib64/crt1.o] ==> ignore
    arg [/lib/../lib64/crti.o] ==> ignore
    arg [/gpfs/fs1/scinet/niagara/software/2018a/core/bin/../lib/gcc/x86_64-pc-linux-gnu/6.4.0/crtbegin.o] ==> ignore
    arg [-export-dynamic] ==> ignore
    arg [--eh-frame-hdr] ==> ignore
    arg [--build-id] ==> ignore
    arg [-dynamic-linker] ==> ignore
    arg [/lib64/ld-linux-x86-64.so.2] ==> ignore
    arg [-m] ==> ignore
    arg [elf_x86_64] ==> ignore
    arg [-L/scinet/niagara/intel/2018.2/compilers_and_libraries_2018.2.199/linux/mpi/intel64/lib/release_mt] ==> dir [/scinet/niagara/intel/2018.2/compilers_and_libraries_2018.2.199/linux/mpi/intel64/lib/release_mt]
    arg [-L/scinet/niagara/intel/2018.2/compilers_and_libraries_2018.2.199/linux/mpi/intel64/lib] ==> dir [/scinet/niagara/intel/2018.2/compilers_and_libraries_2018.2.199/linux/mpi/intel64/lib]
    arg [-o] ==> ignore
    arg [cmTC_3af4f] ==> ignore
    arg [-L/scinet/niagara/software/2018a/opt/intel-2018.2/hdf5/1.8.20/lib] ==> dir [/scinet/niagara/software/2018a/opt/intel-2018.2/hdf5/1.8.20/lib]
    arg [-L/scinet/niagara/software/2018a/opt/intel-2018.2-intelmpi-2018.2/boost/1.67.0/lib] ==> dir [/scinet/niagara/software/2018a/opt/intel-2018.2-intelmpi-2018.2/boost/1.67.0/lib]
    arg [-L/scinet/niagara/intel/2018.2/compilers_and_libraries_2018.2.199/linux/ipp/lib/intel64] ==> dir [/scinet/niagara/intel/2018.2/compilers_and_libraries_2018.2.199/linux/ipp/lib/intel64]
    arg [-L/scinet/niagara/intel/2018.2/compilers_and_libraries_2018.2.199/linux/compiler/lib/intel64_lin] ==> dir [/scinet/niagara/intel/2018.2/compilers_and_libraries_2018.2.199/linux/compiler/lib/intel64_lin]
    arg [-L/scinet/niagara/intel/2018.2/compilers_and_libraries_2018.2.199/linux/mkl/lib/intel64_lin] ==> dir [/scinet/niagara/intel/2018.2/compilers_and_libraries_2018.2.199/linux/mkl/lib/intel64_lin]
    arg [-L/scinet/niagara/intel/2018.2/compilers_and_libraries_2018.2.199/linux/tbb/lib/intel64/gcc4.1] ==> dir [/scinet/niagara/intel/2018.2/compilers_and_libraries_2018.2.199/linux/tbb/lib/intel64/gcc4.1]
    arg [-L/scinet/niagara/intel/2018.2/compilers_and_libraries_2018.2.199/linux/daal/lib/intel64_lin] ==> dir [/scinet/niagara/intel/2018.2/compilers_and_libraries_2018.2.199/linux/daal/lib/intel64_lin]
    arg [-L/scinet/niagara/intel/2018.2/compilers_and_libraries_2018.2.199/linux/tbb/lib/intel64_lin/gcc4.4] ==> dir [/scinet/niagara/intel/2018.2/compilers_and_libraries_2018.2.199/linux/tbb/lib/intel64_lin/gcc4.4]
    arg [-L/gpfs/fs1/scinet/niagara/intel/2018.2/compilers_and_libraries_2018.2.199/linux/compiler/lib/intel64_lin] ==> dir [/gpfs/fs1/scinet/niagara/intel/2018.2/compilers_and_libraries_2018.2.199/linux/compiler/lib/intel64_lin]
    arg [-L/gpfs/fs1/scinet/niagara/software/2018a/core/bin/../lib/gcc/x86_64-pc-linux-gnu/6.4.0/] ==> dir [/gpfs/fs1/scinet/niagara/software/2018a/core/bin/../lib/gcc/x86_64-pc-linux-gnu/6.4.0/]
    arg [-L/gpfs/fs1/scinet/niagara/software/2018a/core/bin/../lib/gcc/] ==> dir [/gpfs/fs1/scinet/niagara/software/2018a/core/bin/../lib/gcc/]
    arg [-L/gpfs/fs1/scinet/niagara/software/2018a/core/bin/../lib/gcc/x86_64-pc-linux-gnu/6.4.0/../../../../lib64] ==> dir [/gpfs/fs1/scinet/niagara/software/2018a/core/bin/../lib/gcc/x86_64-pc-linux-gnu/6.4.0/../../../../lib64]
    arg [-L/gpfs/fs1/scinet/niagara/software/2018a/core/bin/../lib/gcc/x86_64-pc-linux-gnu/6.4.0/../../../../lib64/] ==> dir [/gpfs/fs1/scinet/niagara/software/2018a/core/bin/../lib/gcc/x86_64-pc-linux-gnu/6.4.0/../../../../lib64/]
    arg [-L/lib/../lib64] ==> dir [/lib/../lib64]
    arg [-L/lib/../lib64/] ==> dir [/lib/../lib64/]
    arg [-L/usr/lib/../lib64] ==> dir [/usr/lib/../lib64]
    arg [-L/usr/lib/../lib64/] ==> dir [/usr/lib/../lib64/]
    arg [-L/scinet/niagara/software/2018a/opt/intel-2018.2/hdf5/1.8.20/lib/] ==> dir [/scinet/niagara/software/2018a/opt/intel-2018.2/hdf5/1.8.20/lib/]
    arg [-L/scinet/niagara/software/2018a/opt/intel-2018.2-intelmpi-2018.2/boost/1.67.0/lib/] ==> dir [/scinet/niagara/software/2018a/opt/intel-2018.2-intelmpi-2018.2/boost/1.67.0/lib/]
    arg [-L/scinet/niagara/intel/2018.2/compilers_and_libraries_2018.2.199/linux/ipp/lib/intel64/] ==> dir [/scinet/niagara/intel/2018.2/compilers_and_libraries_2018.2.199/linux/ipp/lib/intel64/]
    arg [-L/scinet/niagara/intel/2018.2/compilers_and_libraries_2018.2.199/linux/compiler/lib/intel64_lin/] ==> dir [/scinet/niagara/intel/2018.2/compilers_and_libraries_2018.2.199/linux/compiler/lib/intel64_lin/]
    arg [-L/scinet/niagara/intel/2018.2/compilers_and_libraries_2018.2.199/linux/mkl/lib/intel64_lin/] ==> dir [/scinet/niagara/intel/2018.2/compilers_and_libraries_2018.2.199/linux/mkl/lib/intel64_lin/]
    arg [-L/scinet/niagara/intel/2018.2/compilers_and_libraries_2018.2.199/linux/tbb/lib/intel64/gcc4.1/] ==> dir [/scinet/niagara/intel/2018.2/compilers_and_libraries_2018.2.199/linux/tbb/lib/intel64/gcc4.1/]
    arg [-L/scinet/niagara/intel/2018.2/compilers_and_libraries_2018.2.199/linux/daal/lib/intel64_lin/] ==> dir [/scinet/niagara/intel/2018.2/compilers_and_libraries_2018.2.199/linux/daal/lib/intel64_lin/]
    arg [-L/scinet/niagara/intel/2018.2/compilers_and_libraries_2018.2.199/linux/tbb/lib/intel64_lin/gcc4.4/] ==> dir [/scinet/niagara/intel/2018.2/compilers_and_libraries_2018.2.199/linux/tbb/lib/intel64_lin/gcc4.4/]
    arg [-L/gpfs/fs1/scinet/niagara/software/2018a/core/bin/../lib/gcc/x86_64-pc-linux-gnu/6.4.0/../../../] ==> dir [/gpfs/fs1/scinet/niagara/software/2018a/core/bin/../lib/gcc/x86_64-pc-linux-gnu/6.4.0/../../../]
    arg [-L/lib64] ==> dir [/lib64]
    arg [-L/lib/] ==> dir [/lib/]
    arg [-L/usr/lib64] ==> dir [/usr/lib64]
    arg [-L/usr/lib] ==> dir [/usr/lib]
    arg [CMakeFiles/cmTC_3af4f.dir/CMakeCCompilerABI.c.o] ==> ignore
    arg [--enable-new-dtags] ==> ignore
    arg [-rpath] ==> ignore
    arg [/scinet/niagara/intel/2018.2/compilers_and_libraries_2018.2.199/linux/mpi/intel64/lib/release_mt] ==> ignore
    arg [-rpath] ==> ignore
    arg [/scinet/niagara/intel/2018.2/compilers_and_libraries_2018.2.199/linux/mpi/intel64/lib] ==> ignore
    arg [-rpath] ==> ignore
    arg [/opt/intel/mpi-rt/2017.0.0/intel64/lib/release_mt] ==> ignore
    arg [-rpath] ==> ignore
    arg [/opt/intel/mpi-rt/2017.0.0/intel64/lib] ==> ignore
    arg [-lmpifort] ==> lib [mpifort]
    arg [-lmpi] ==> lib [mpi]
    arg [-lmpigi] ==> lib [mpigi]
    arg [-ldl] ==> lib [dl]
    arg [-lrt] ==> lib [rt]
    arg [-lpthread] ==> lib [pthread]
    arg [-Bdynamic] ==> ignore
    arg [-Bstatic] ==> ignore
    arg [-limf] ==> lib [imf]
    arg [-lsvml] ==> lib [svml]
    arg [-lirng] ==> lib [irng]
    arg [-Bdynamic] ==> ignore
    arg [-lm] ==> lib [m]
    arg [-Bstatic] ==> ignore
    arg [-lipgo] ==> lib [ipgo]
    arg [-ldecimal] ==> lib [decimal]
    arg [--as-needed] ==> ignore
    arg [-Bdynamic] ==> ignore
    arg [-lcilkrts] ==> lib [cilkrts]
    arg [-lstdc++] ==> lib [stdc++]
    arg [--no-as-needed] ==> ignore
    arg [-lgcc] ==> lib [gcc]
    arg [-lgcc_s] ==> lib [gcc_s]
    arg [-Bstatic] ==> ignore
    arg [-lirc] ==> lib [irc]
    arg [-lsvml] ==> lib [svml]
    arg [-Bdynamic] ==> ignore
    arg [-lc] ==> lib [c]
    arg [-lgcc] ==> lib [gcc]
    arg [-lgcc_s] ==> lib [gcc_s]
    arg [-Bstatic] ==> ignore
    arg [-lirc_s] ==> lib [irc_s]
    arg [-Bdynamic] ==> ignore
    arg [-ldl] ==> lib [dl]
    arg [-lc] ==> lib [c]
    arg [/gpfs/fs1/scinet/niagara/software/2018a/core/bin/../lib/gcc/x86_64-pc-linux-gnu/6.4.0/crtend.o] ==> ignore
    arg [/lib/../lib64/crtn.o] ==> ignore
  collapse library dir [/scinet/niagara/intel/2018.2/compilers_and_libraries_2018.2.199/linux/mpi/intel64/lib/release_mt] ==> [/scinet/niagara/intel/2018.2/compilers_and_libraries_2018.2.199/linux/mpi/intel64/lib/release_mt]
  collapse library dir [/scinet/niagara/intel/2018.2/compilers_and_libraries_2018.2.199/linux/mpi/intel64/lib] ==> [/scinet/niagara/intel/2018.2/compilers_and_libraries_2018.2.199/linux/mpi/intel64/lib]
  collapse library dir [/scinet/niagara/software/2018a/opt/intel-2018.2/hdf5/1.8.20/lib] ==> [/scinet/niagara/software/2018a/opt/intel-2018.2/hdf5/1.8.20/lib]
  collapse library dir [/scinet/niagara/software/2018a/opt/intel-2018.2-intelmpi-2018.2/boost/1.67.0/lib] ==> [/scinet/niagara/software/2018a/opt/intel-2018.2-intelmpi-2018.2/boost/1.67.0/lib]
  collapse library dir [/scinet/niagara/intel/2018.2/compilers_and_libraries_2018.2.199/linux/ipp/lib/intel64] ==> [/scinet/niagara/intel/2018.2/compilers_and_libraries_2018.2.199/linux/ipp/lib/intel64]
  collapse library dir [/scinet/niagara/intel/2018.2/compilers_and_libraries_2018.2.199/linux/compiler/lib/intel64_lin] ==> [/scinet/niagara/intel/2018.2/compilers_and_libraries_2018.2.199/linux/compiler/lib/intel64_lin]
  collapse library dir [/scinet/niagara/intel/2018.2/compilers_and_libraries_2018.2.199/linux/mkl/lib/intel64_lin] ==> [/scinet/niagara/intel/2018.2/compilers_and_libraries_2018.2.199/linux/mkl/lib/intel64_lin]
  collapse library dir [/scinet/niagara/intel/2018.2/compilers_and_libraries_2018.2.199/linux/tbb/lib/intel64/gcc4.1] ==> [/scinet/niagara/intel/2018.2/compilers_and_libraries_2018.2.199/linux/tbb/lib/intel64/gcc4.1]
  collapse library dir [/scinet/niagara/intel/2018.2/compilers_and_libraries_2018.2.199/linux/daal/lib/intel64_lin] ==> [/scinet/niagara/intel/2018.2/compilers_and_libraries_2018.2.199/linux/daal/lib/intel64_lin]
  collapse library dir [/scinet/niagara/intel/2018.2/compilers_and_libraries_2018.2.199/linux/tbb/lib/intel64_lin/gcc4.4] ==> [/scinet/niagara/intel/2018.2/compilers_and_libraries_2018.2.199/linux/tbb/lib/intel64_lin/gcc4.4]
  collapse library dir [/gpfs/fs1/scinet/niagara/intel/2018.2/compilers_and_libraries_2018.2.199/linux/compiler/lib/intel64_lin] ==> [/gpfs/fs1/scinet/niagara/intel/2018.2/compilers_and_libraries_2018.2.199/linux/compiler/lib/intel64_lin]
  collapse library dir [/gpfs/fs1/scinet/niagara/software/2018a/core/bin/../lib/gcc/x86_64-pc-linux-gnu/6.4.0/] ==> [/gpfs/fs1/scinet/niagara/software/2018a/core/lib/gcc/x86_64-pc-linux-gnu/6.4.0]
  collapse library dir [/gpfs/fs1/scinet/niagara/software/2018a/core/bin/../lib/gcc/] ==> [/gpfs/fs1/scinet/niagara/software/2018a/core/lib/gcc]
  collapse library dir [/gpfs/fs1/scinet/niagara/software/2018a/core/bin/../lib/gcc/x86_64-pc-linux-gnu/6.4.0/../../../../lib64] ==> [/gpfs/fs1/scinet/niagara/software/2018a/core/lib64]
  collapse library dir [/gpfs/fs1/scinet/niagara/software/2018a/core/bin/../lib/gcc/x86_64-pc-linux-gnu/6.4.0/../../../../lib64/] ==> [/gpfs/fs1/scinet/niagara/software/2018a/core/lib64]
  collapse library dir [/lib/../lib64] ==> [/lib64]
  collapse library dir [/lib/../lib64/] ==> [/lib64]
  collapse library dir [/usr/lib/../lib64] ==> [/usr/lib64]
  collapse library dir [/usr/lib/../lib64/] ==> [/usr/lib64]
  collapse library dir [/scinet/niagara/software/2018a/opt/intel-2018.2/hdf5/1.8.20/lib/] ==> [/scinet/niagara/software/2018a/opt/intel-2018.2/hdf5/1.8.20/lib]
  collapse library dir [/scinet/niagara/software/2018a/opt/intel-2018.2-intelmpi-2018.2/boost/1.67.0/lib/] ==> [/scinet/niagara/software/2018a/opt/intel-2018.2-intelmpi-2018.2/boost/1.67.0/lib]
  collapse library dir [/scinet/niagara/intel/2018.2/compilers_and_libraries_2018.2.199/linux/ipp/lib/intel64/] ==> [/scinet/niagara/intel/2018.2/compilers_and_libraries_2018.2.199/linux/ipp/lib/intel64]
  collapse library dir [/scinet/niagara/intel/2018.2/compilers_and_libraries_2018.2.199/linux/compiler/lib/intel64_lin/] ==> [/scinet/niagara/intel/2018.2/compilers_and_libraries_2018.2.199/linux/compiler/lib/intel64_lin]
  collapse library dir [/scinet/niagara/intel/2018.2/compilers_and_libraries_2018.2.199/linux/mkl/lib/intel64_lin/] ==> [/scinet/niagara/intel/2018.2/compilers_and_libraries_2018.2.199/linux/mkl/lib/intel64_lin]
  collapse library dir [/scinet/niagara/intel/2018.2/compilers_and_libraries_2018.2.199/linux/tbb/lib/intel64/gcc4.1/] ==> [/scinet/niagara/intel/2018.2/compilers_and_libraries_2018.2.199/linux/tbb/lib/intel64/gcc4.1]
  collapse library dir [/scinet/niagara/intel/2018.2/compilers_and_libraries_2018.2.199/linux/daal/lib/intel64_lin/] ==> [/scinet/niagara/intel/2018.2/compilers_and_libraries_2018.2.199/linux/daal/lib/intel64_lin]
  collapse library dir [/scinet/niagara/intel/2018.2/compilers_and_libraries_2018.2.199/linux/tbb/lib/intel64_lin/gcc4.4/] ==> [/scinet/niagara/intel/2018.2/compilers_and_libraries_2018.2.199/linux/tbb/lib/intel64_lin/gcc4.4]
  collapse library dir [/gpfs/fs1/scinet/niagara/software/2018a/core/bin/../lib/gcc/x86_64-pc-linux-gnu/6.4.0/../../../] ==> [/gpfs/fs1/scinet/niagara/software/2018a/core/lib]
  collapse library dir [/lib64] ==> [/lib64]
  collapse library dir [/lib/] ==> [/lib]
  collapse library dir [/usr/lib64] ==> [/usr/lib64]
  collapse library dir [/usr/lib] ==> [/usr/lib]
  implicit libs: [mpifort;mpi;mpigi;dl;rt;pthread;imf;svml;irng;m;ipgo;decimal;cilkrts;stdc++;gcc;gcc_s;irc;svml;c;gcc;gcc_s;irc_s;dl;c]
  implicit dirs: [/scinet/niagara/intel/2018.2/compilers_and_libraries_2018.2.199/linux/mpi/intel64/lib/release_mt;/scinet/niagara/intel/2018.2/compilers_and_libraries_2018.2.199/linux/mpi/intel64/lib;/scinet/niagara/software/2018a/opt/intel-2018.2/hdf5/1.8.20/lib;/scinet/niagara/software/2018a/opt/intel-2018.2-intelmpi-2018.2/boost/1.67.0/lib;/scinet/niagara/intel/2018.2/compilers_and_libraries_2018.2.199/linux/ipp/lib/intel64;/scinet/niagara/intel/2018.2/compilers_and_libraries_2018.2.199/linux/compiler/lib/intel64_lin;/scinet/niagara/intel/2018.2/compilers_and_libraries_2018.2.199/linux/mkl/lib/intel64_lin;/scinet/niagara/intel/2018.2/compilers_and_libraries_2018.2.199/linux/tbb/lib/intel64/gcc4.1;/scinet/niagara/intel/2018.2/compilers_and_libraries_2018.2.199/linux/daal/lib/intel64_lin;/scinet/niagara/intel/2018.2/compilers_and_libraries_2018.2.199/linux/tbb/lib/intel64_lin/gcc4.4;/gpfs/fs1/scinet/niagara/intel/2018.2/compilers_and_libraries_2018.2.199/linux/compiler/lib/intel64_lin;/gpfs/fs1/scinet/niagara/software/2018a/core/lib/gcc/x86_64-pc-linux-gnu/6.4.0;/gpfs/fs1/scinet/niagara/software/2018a/core/lib/gcc;/gpfs/fs1/scinet/niagara/software/2018a/core/lib64;/lib64;/usr/lib64;/gpfs/fs1/scinet/niagara/software/2018a/core/lib;/lib;/usr/lib]
  implicit fwks: []




Detecting C [-std=c11] compiler features compiled with the following output:
Change Dir: /scratch/m/myano/qed/aps_cases/naca_euler_optim/build_mpi/CMakeFiles/CMakeTmp

Run Build Command:"/usr/bin/gmake" "cmTC_b2aba/fast"
/usr/bin/gmake -f CMakeFiles/cmTC_b2aba.dir/build.make CMakeFiles/cmTC_b2aba.dir/build
gmake[1]: Entering directory `/gpfs/fs0/scratch/m/myano/qed/aps_cases/naca_euler_optim/build_mpi/CMakeFiles/CMakeTmp'
Building C object CMakeFiles/cmTC_b2aba.dir/feature_tests.c.o
/scinet/niagara/intel/2018.2/compilers_and_libraries_2018.2.199/linux/mpi/intel64/bin/mpicc   -std=c11 -o CMakeFiles/cmTC_b2aba.dir/feature_tests.c.o   -c /scratch/m/myano/qed/aps_cases/naca_euler_optim/build_mpi/CMakeFiles/feature_tests.c
Linking C executable cmTC_b2aba
/gpfs/fs1/scinet/niagara/software/2018a/opt/base/cmake/3.10.3/bin/cmake -E cmake_link_script CMakeFiles/cmTC_b2aba.dir/link.txt --verbose=1
/scinet/niagara/intel/2018.2/compilers_and_libraries_2018.2.199/linux/mpi/intel64/bin/mpicc      -rdynamic CMakeFiles/cmTC_b2aba.dir/feature_tests.c.o  -o cmTC_b2aba 
gmake[1]: Leaving directory `/gpfs/fs0/scratch/m/myano/qed/aps_cases/naca_euler_optim/build_mpi/CMakeFiles/CMakeTmp'


    Feature record: C_FEATURE:1c_function_prototypes
    Feature record: C_FEATURE:1c_restrict
    Feature record: C_FEATURE:1c_static_assert
    Feature record: C_FEATURE:1c_variadic_macros


Detecting C [-std=c99] compiler features compiled with the following output:
Change Dir: /scratch/m/myano/qed/aps_cases/naca_euler_optim/build_mpi/CMakeFiles/CMakeTmp

Run Build Command:"/usr/bin/gmake" "cmTC_04a92/fast"
/usr/bin/gmake -f CMakeFiles/cmTC_04a92.dir/build.make CMakeFiles/cmTC_04a92.dir/build
gmake[1]: Entering directory `/gpfs/fs0/scratch/m/myano/qed/aps_cases/naca_euler_optim/build_mpi/CMakeFiles/CMakeTmp'
Building C object CMakeFiles/cmTC_04a92.dir/feature_tests.c.o
/scinet/niagara/intel/2018.2/compilers_and_libraries_2018.2.199/linux/mpi/intel64/bin/mpicc   -std=c99 -o CMakeFiles/cmTC_04a92.dir/feature_tests.c.o   -c /scratch/m/myano/qed/aps_cases/naca_euler_optim/build_mpi/CMakeFiles/feature_tests.c
Linking C executable cmTC_04a92
/gpfs/fs1/scinet/niagara/software/2018a/opt/base/cmake/3.10.3/bin/cmake -E cmake_link_script CMakeFiles/cmTC_04a92.dir/link.txt --verbose=1
/scinet/niagara/intel/2018.2/compilers_and_libraries_2018.2.199/linux/mpi/intel64/bin/mpicc      -rdynamic CMakeFiles/cmTC_04a92.dir/feature_tests.c.o  -o cmTC_04a92 
gmake[1]: Leaving directory `/gpfs/fs0/scratch/m/myano/qed/aps_cases/naca_euler_optim/build_mpi/CMakeFiles/CMakeTmp'


    Feature record: C_FEATURE:1c_function_prototypes
    Feature record: C_FEATURE:1c_restrict
    Feature record: C_FEATURE:1c_static_assert
    Feature record: C_FEATURE:1c_variadic_macros


Detecting C [-std=c89] compiler features compiled with the following output:
Change Dir: /scratch/m/myano/qed/aps_cases/naca_euler_optim/build_mpi/CMakeFiles/CMakeTmp

Run Build Command:"/usr/bin/gmake" "cmTC_11b71/fast"
/usr/bin/gmake -f CMakeFiles/cmTC_11b71.dir/build.make CMakeFiles/cmTC_11b71.dir/build
gmake[1]: Entering directory `/gpfs/fs0/scratch/m/myano/qed/aps_cases/naca_euler_optim/build_mpi/CMakeFiles/CMakeTmp'
Building C object CMakeFiles/cmTC_11b71.dir/feature_tests.c.o
/scinet/niagara/intel/2018.2/compilers_and_libraries_2018.2.199/linux/mpi/intel64/bin/mpicc   -std=c89 -o CMakeFiles/cmTC_11b71.dir/feature_tests.c.o   -c /scratch/m/myano/qed/aps_cases/naca_euler_optim/build_mpi/CMakeFiles/feature_tests.c
Linking C executable cmTC_11b71
/gpfs/fs1/scinet/niagara/software/2018a/opt/base/cmake/3.10.3/bin/cmake -E cmake_link_script CMakeFiles/cmTC_11b71.dir/link.txt --verbose=1
/scinet/niagara/intel/2018.2/compilers_and_libraries_2018.2.199/linux/mpi/intel64/bin/mpicc      -rdynamic CMakeFiles/cmTC_11b71.dir/feature_tests.c.o  -o cmTC_11b71 
gmake[1]: Leaving directory `/gpfs/fs0/scratch/m/myano/qed/aps_cases/naca_euler_optim/build_mpi/CMakeFiles/CMakeTmp'


    Feature record: C_FEATURE:1c_function_prototypes
    Feature record: C_FEATURE:0c_restrict
    Feature record: C_FEATURE:0c_static_assert
    Feature record: C_FEATURE:0c_variadic_macros
Determining if the CXX compiler works passed with the following output:
Change Dir: /scratch/m/myano/qed/aps_cases/naca_euler_optim/build_mpi/CMakeFiles/CMakeTmp

Run Build Command:"/usr/bin/gmake" "cmTC_731a3/fast"
/usr/bin/gmake -f CMakeFiles/cmTC_731a3.dir/build.make CMakeFiles/cmTC_731a3.dir/build
gmake[1]: Entering directory `/gpfs/fs0/scratch/m/myano/qed/aps_cases/naca_euler_optim/build_mpi/CMakeFiles/CMakeTmp'
Building CXX object CMakeFiles/cmTC_731a3.dir/testCXXCompiler.cxx.o
/scinet/niagara/intel/2018.2/compilers_and_libraries_2018.2.199/linux/mpi/intel64/bin/mpicxx     -o CMakeFiles/cmTC_731a3.dir/testCXXCompiler.cxx.o -c /scratch/m/myano/qed/aps_cases/naca_euler_optim/build_mpi/CMakeFiles/CMakeTmp/testCXXCompiler.cxx
Linking CXX executable cmTC_731a3
/gpfs/fs1/scinet/niagara/software/2018a/opt/base/cmake/3.10.3/bin/cmake -E cmake_link_script CMakeFiles/cmTC_731a3.dir/link.txt --verbose=1
/scinet/niagara/intel/2018.2/compilers_and_libraries_2018.2.199/linux/mpi/intel64/bin/mpicxx       -rdynamic CMakeFiles/cmTC_731a3.dir/testCXXCompiler.cxx.o  -o cmTC_731a3 
gmake[1]: Leaving directory `/gpfs/fs0/scratch/m/myano/qed/aps_cases/naca_euler_optim/build_mpi/CMakeFiles/CMakeTmp'


Detecting CXX compiler ABI info compiled with the following output:
Change Dir: /scratch/m/myano/qed/aps_cases/naca_euler_optim/build_mpi/CMakeFiles/CMakeTmp

Run Build Command:"/usr/bin/gmake" "cmTC_d0861/fast"
/usr/bin/gmake -f CMakeFiles/cmTC_d0861.dir/build.make CMakeFiles/cmTC_d0861.dir/build
gmake[1]: Entering directory `/gpfs/fs0/scratch/m/myano/qed/aps_cases/naca_euler_optim/build_mpi/CMakeFiles/CMakeTmp'
Building CXX object CMakeFiles/cmTC_d0861.dir/CMakeCXXCompilerABI.cpp.o
/scinet/niagara/intel/2018.2/compilers_and_libraries_2018.2.199/linux/mpi/intel64/bin/mpicxx     -o CMakeFiles/cmTC_d0861.dir/CMakeCXXCompilerABI.cpp.o -c /gpfs/fs1/scinet/niagara/software/2018a/opt/base/cmake/3.10.3/share/cmake-3.10/Modules/CMakeCXXCompilerABI.cpp
Linking CXX executable cmTC_d0861
/gpfs/fs1/scinet/niagara/software/2018a/opt/base/cmake/3.10.3/bin/cmake -E cmake_link_script CMakeFiles/cmTC_d0861.dir/link.txt --verbose=1
/scinet/niagara/intel/2018.2/compilers_and_libraries_2018.2.199/linux/mpi/intel64/bin/mpicxx      -v -rdynamic CMakeFiles/cmTC_d0861.dir/CMakeCXXCompilerABI.cpp.o  -o cmTC_d0861 
mpiicpc for the Intel(R) MPI Library 2018 Update 2 for Linux*
Copyright(C) 2003-2018, Intel Corporation.  All rights reserved.
__INTEL_PRE_CFLAGS options:  -gcc-name=core-gcc -gxx-name=core-g++
icpc version 18.0.2 (gcc version 6.4.0 compatibility)
/gpfs/fs1/scinet/niagara/intel/2018.2/compilers_and_libraries_2018.2.199/linux/bin/intel64/mcpcom    -mGLOB_em64t=TRUE -mP1OPT_version=18.0-intel64 -mGLOB_diag_file=CMakeFiles/cmTC_d0861.dir/CMakeCXXCompilerABI.cpp.diag -mGLOB_long_size_64 -mGLOB_routine_pointer_size_64 -mP1OPT_print_version=FALSE -mCG_use_gas_got_workaround=F -mP2OPT_align_option_used=TRUE -mGLOB_gcc_version=640 "-mGLOB_options_string=-I/scinet/niagara/intel/2018.2/compilers_and_libraries_2018.2.199/linux/mpi/intel64/include -gcc-name=core-gcc -gxx-name=core-g++ -v -rdynamic -o cmTC_d0861 -L/scinet/niagara/intel/2018.2/compilers_and_libraries_2018.2.199/linux/mpi/intel64/lib/release_mt -L/scinet/niagara/intel/2018.2/compilers_and_libraries_2018.2.199/linux/mpi/intel64/lib -Xlinker --enable-new-dtags -Xlinker -rpath -Xlinker /scinet/niagara/intel/2018.2/compilers_and_libraries_2018.2.199/linux/mpi/intel64/lib/release_mt -Xlinker -rpath -Xlinker /scinet/niagara/intel/2018.2/compilers_and_libraries_2018.2.199/linux/mpi/intel64/lib -Xlinker -rpath -Xlinker /opt/intel/mpi-rt/2017.0.0/intel64/lib/release_mt -Xlinker -rpath -Xlinker /opt/intel/mpi-rt/2017.0.0/intel64/lib -lmpicxx -lmpifort -lmpi -lmpigi -ldl -lrt -lpthread" -mGLOB_cxx_limited_range=FALSE -mCG_extend_parms=FALSE -mGLOB_compiler_bin_directory=/gpfs/fs1/scinet/niagara/intel/2018.2/compilers_and_libraries_2018.2.199/linux/bin/intel64 -mGLOB_as_output_backup_file_name=/tmp/icpcUb5Uxbas_.s -mGLOB_dashboard_use_source_name -mIPOPT_activate -mGLOB_product_id_code=0x22006d8f -mP3OPT_use_mspp_call_convention -mP2OPT_subs_out_of_bound=FALSE -mP2OPT_disam_type_based_disam=2 -mP2OPT_disam_assume_ansi_c -mP2OPT_checked_disam_ansi_alias=TRUE -mGLOB_ansi_alias -mPGOPTI_value_profile_use=T -mGLOB_opt_report_use_source_name -mP2OPT_il0_array_sections=TRUE -mGLOB_offload_mode=1 -mP2OPT_offload_unique_var_string=icpc1821703728KP44sR -mP2OPT_hlo -mP2OPT_hpo_rtt_control=0 -mIPOPT_args_in_regs=0 -mP2OPT_disam_assume_nonstd_intent_in=FALSE -mGLOB_imf_mapping_library=/gpfs/fs1/scinet/niagara/intel/2018.2/compilers_and_libraries_2018.2.199/linux/bin/intel64/libiml_attr.so -mPGOPTI_gen_threadsafe_level=0 -mIPOPT_link -mIPOPT_ipo_activate -mIPOPT_mo_activate -mIPOPT_source_files_list=/tmp/icpcslisRxhtwP -mIPOPT_mo_global_data -mIPOPT_link_script_file=/tmp/icpcscriptii23bC "-mIPOPT_cmdline_link="/lib/../lib64/crt1.o" "/lib/../lib64/crti.o" "/gpfs/fs1/scinet/niagara/software/2018a/core/bin/../lib/gcc/x86_64-pc-linux-gnu/6.4.0/crtbegin.o" "-export-dynamic" "--eh-frame-hdr" "--build-id" "-dynamic-linker" "/lib64/ld-linux-x86-64.so.2" "-m" "elf_x86_64" "-L/scinet/niagara/intel/2018.2/compilers_and_libraries_2018.2.199/linux/mpi/intel64/lib/release_mt" "-L/scinet/niagara/intel/2018.2/compilers_and_libraries_2018.2.199/linux/mpi/intel64/lib" "-o" "cmTC_d0861" "-L/scinet/niagara/software/2018a/opt/intel-2018.2/hdf5/1.8.20/lib" "-L/scinet/niagara/software/2018a/opt/intel-2018.2-intelmpi-2018.2/boost/1.67.0/lib" "-L/scinet/niagara/intel/2018.2/compilers_and_libraries_2018.2.199/linux/ipp/lib/intel64" "-L/scinet/niagara/intel/2018.2/compilers_and_libraries_2018.2.199/linux/compiler/lib/intel64_lin" "-L/scinet/niagara/intel/2018.2/compilers_and_libraries_2018.2.199/linux/mkl/lib/intel64_lin" "-L/scinet/niagara/intel/2018.2/compilers_and_libraries_2018.2.199/linux/tbb/lib/intel64/gcc4.1" "-L/scinet/niagara/intel/2018.2/compilers_and_libraries_2018.2.199/linux/daal/lib/intel64_lin" "-L/scinet/niagara/intel/2018.2/compilers_and_libraries_2018.2.199/linux/tbb/lib/intel64_lin/gcc4.4" "-L/gpfs/fs1/scinet/niagara/intel/2018.2/compilers_and_libraries_2018.2.199/linux/compiler/lib/intel64_lin" "-L/gpfs/fs1/scinet/niagara/software/2018a/core/bin/../lib/gcc/x86_64-pc-linux-gnu/6.4.0/" "-L/gpfs/fs1/scinet/niagara/software/2018a/core/bin/../lib/gcc/" "-L/gpfs/fs1/scinet/niagara/software/2018a/core/bin/../lib/gcc/x86_64-pc-linux-gnu/6.4.0/../../../../lib64" "-L/gpfs/fs1/scinet/niagara/software/2018a/core/bin/../lib/gcc/x86_64-pc-linux-gnu/6.4.0/../../../../lib64/" "-L/lib/../lib64" "-L/lib/../lib64/" "-L/usr/lib/../lib64" "-L/usr/lib/../lib64/" "-L/scinet/niagara/software/2018a/opt/intel-2018.2/hdf5/1.8.20/lib/" "-L/scinet/niagara/software/2018a/opt/intel-2018.2-intelmpi-2018.2/boost/1.67.0/lib/" "-L/scinet/niagara/intel/2018.2/compilers_and_libraries_2018.2.199/linux/ipp/lib/intel64/" "-L/scinet/niagara/intel/2018.2/compilers_and_libraries_2018.2.199/linux/compiler/lib/intel64_lin/" "-L/scinet/niagara/intel/2018.2/compilers_and_libraries_2018.2.199/linux/mkl/lib/intel64_lin/" "-L/scinet/niagara/intel/2018.2/compilers_and_libraries_2018.2.199/linux/tbb/lib/intel64/gcc4.1/" "-L/scinet/niagara/intel/2018.2/compilers_and_libraries_2018.2.199/linux/daal/lib/intel64_lin/" "-L/scinet/niagara/intel/2018.2/compilers_and_libraries_2018.2.199/linux/tbb/lib/intel64_lin/gcc4.4/" "-L/gpfs/fs1/scinet/niagara/software/2018a/core/bin/../lib/gcc/x86_64-pc-linux-gnu/6.4.0/../../../" "-L/lib64" "-L/lib/" "-L/usr/lib64" "-L/usr/lib" "CMakeFiles/cmTC_d0861.dir/CMakeCXXCompilerABI.cpp.o" "--enable-new-dtags" "-rpath" "/scinet/niagara/intel/2018.2/compilers_and_libraries_2018.2.199/linux/mpi/intel64/lib/release_mt" "-rpath" "/scinet/niagara/intel/2018.2/compilers_and_libraries_2018.2.199/linux/mpi/intel64/lib" "-rpath" "/opt/intel/mpi-rt/2017.0.0/intel64/lib/release_mt" "-rpath" "/opt/intel/mpi-rt/2017.0.0/intel64/lib" "-lmpicxx" "-lmpifort" "-lmpi" "-lmpigi" "-ldl" "-lrt" "-lpthread" "-Bdynamic" "-Bstatic" "-limf" "-lsvml" "-lirng" "-Bdynamic" "-lstdc++" "-lm" "-Bstatic" "-lipgo" "-ldecimal" "--as-needed" "-Bdynamic" "-lcilkrts" "--no-as-needed" "-lstdc++" "-lgcc" "-lgcc_s" "-Bstatic" "-lirc" "-lsvml" "-Bdynamic" "-lc" "-lgcc" "-lgcc_s" "-Bstatic" "-lirc_s" "-Bdynamic" "-ldl" "-lc" "/gpfs/fs1/scinet/niagara/software/2018a/core/bin/../lib/gcc/x86_64-pc-linux-gnu/6.4.0/crtend.o" "/lib/../lib64/crtn.o"" -mIPOPT_il_in_obj -mIPOPT_ipo_activate_warn=FALSE -mIPOPT_obj_output_file_name=/tmp/ipo_icpcLDXSu7.o -mIPOPT_whole_archive_fixup_file_name=/tmp/icpcwarchp21VBx -mGLOB_linker_version=2.27 -mGLOB_driver_tempfile_name=/tmp/icpctempfilewpgdjk -mP3OPT_asm_target=P3OPT_ASM_TARGET_GAS -mGLOB_async_unwind_tables=TRUE -mGLOB_obj_output_file=/tmp/ipo_icpcLDXSu7.o -mGLOB_source_dialect=GLOB_SOURCE_DIALECT_NONE -mP1OPT_source_file_name=ipo_out.c CMakeFiles/cmTC_d0861.dir/CMakeCXXCompilerABI.cpp.o -mIPOPT_object_files=T -mIPOPT_assembly_files=/tmp/icpcalisDmh5PG -mIPOPT_generated_tempfiles=/tmp/icpcelisSIoGvt -mIPOPT_embedded_object_base_name=/tmp/icpceobjv4jhbg -mIPOPT_cmdline_link_new_name=/tmp/icpcllisitkSQ2
ld    /lib/../lib64/crt1.o /lib/../lib64/crti.o /gpfs/fs1/scinet/niagara/software/2018a/core/bin/../lib/gcc/x86_64-pc-linux-gnu/6.4.0/crtbegin.o -export-dynamic --eh-frame-hdr --build-id -dynamic-linker /lib64/ld-linux-x86-64.so.2 -m elf_x86_64 -L/scinet/niagara/intel/2018.2/compilers_and_libraries_2018.2.199/linux/mpi/intel64/lib/release_mt -L/scinet/niagara/intel/2018.2/compilers_and_libraries_2018.2.199/linux/mpi/intel64/lib -o cmTC_d0861 -L/scinet/niagara/software/2018a/opt/intel-2018.2/hdf5/1.8.20/lib -L/scinet/niagara/software/2018a/opt/intel-2018.2-intelmpi-2018.2/boost/1.67.0/lib -L/scinet/niagara/intel/2018.2/compilers_and_libraries_2018.2.199/linux/ipp/lib/intel64 -L/scinet/niagara/intel/2018.2/compilers_and_libraries_2018.2.199/linux/compiler/lib/intel64_lin -L/scinet/niagara/intel/2018.2/compilers_and_libraries_2018.2.199/linux/mkl/lib/intel64_lin -L/scinet/niagara/intel/2018.2/compilers_and_libraries_2018.2.199/linux/tbb/lib/intel64/gcc4.1 -L/scinet/niagara/intel/2018.2/compilers_and_libraries_2018.2.199/linux/daal/lib/intel64_lin -L/scinet/niagara/intel/2018.2/compilers_and_libraries_2018.2.199/linux/tbb/lib/intel64_lin/gcc4.4 -L/gpfs/fs1/scinet/niagara/intel/2018.2/compilers_and_libraries_2018.2.199/linux/compiler/lib/intel64_lin -L/gpfs/fs1/scinet/niagara/software/2018a/core/bin/../lib/gcc/x86_64-pc-linux-gnu/6.4.0/ -L/gpfs/fs1/scinet/niagara/software/2018a/core/bin/../lib/gcc/ -L/gpfs/fs1/scinet/niagara/software/2018a/core/bin/../lib/gcc/x86_64-pc-linux-gnu/6.4.0/../../../../lib64 -L/gpfs/fs1/scinet/niagara/software/2018a/core/bin/../lib/gcc/x86_64-pc-linux-gnu/6.4.0/../../../../lib64/ -L/lib/../lib64 -L/lib/../lib64/ -L/usr/lib/../lib64 -L/usr/lib/../lib64/ -L/scinet/niagara/software/2018a/opt/intel-2018.2/hdf5/1.8.20/lib/ -L/scinet/niagara/software/2018a/opt/intel-2018.2-intelmpi-2018.2/boost/1.67.0/lib/ -L/scinet/niagara/intel/2018.2/compilers_and_libraries_2018.2.199/linux/ipp/lib/intel64/ -L/scinet/niagara/intel/2018.2/compilers_and_libraries_2018.2.199/linux/compiler/lib/intel64_lin/ -L/scinet/niagara/intel/2018.2/compilers_and_libraries_2018.2.199/linux/mkl/lib/intel64_lin/ -L/scinet/niagara/intel/2018.2/compilers_and_libraries_2018.2.199/linux/tbb/lib/intel64/gcc4.1/ -L/scinet/niagara/intel/2018.2/compilers_and_libraries_2018.2.199/linux/daal/lib/intel64_lin/ -L/scinet/niagara/intel/2018.2/compilers_and_libraries_2018.2.199/linux/tbb/lib/intel64_lin/gcc4.4/ -L/gpfs/fs1/scinet/niagara/software/2018a/core/bin/../lib/gcc/x86_64-pc-linux-gnu/6.4.0/../../../ -L/lib64 -L/lib/ -L/usr/lib64 -L/usr/lib CMakeFiles/cmTC_d0861.dir/CMakeCXXCompilerABI.cpp.o --enable-new-dtags -rpath /scinet/niagara/intel/2018.2/compilers_and_libraries_2018.2.199/linux/mpi/intel64/lib/release_mt -rpath /scinet/niagara/intel/2018.2/compilers_and_libraries_2018.2.199/linux/mpi/intel64/lib -rpath /opt/intel/mpi-rt/2017.0.0/intel64/lib/release_mt -rpath /opt/intel/mpi-rt/2017.0.0/intel64/lib -lmpicxx -lmpifort -lmpi -lmpigi -ldl -lrt -lpthread -Bdynamic -Bstatic -limf -lsvml -lirng -Bdynamic -lstdc++ -lm -Bstatic -lipgo -ldecimal --as-needed -Bdynamic -lcilkrts --no-as-needed -lstdc++ -lgcc -lgcc_s -Bstatic -lirc -lsvml -Bdynamic -lc -lgcc -lgcc_s -Bstatic -lirc_s -Bdynamic -ldl -lc /gpfs/fs1/scinet/niagara/software/2018a/core/bin/../lib/gcc/x86_64-pc-linux-gnu/6.4.0/crtend.o /lib/../lib64/crtn.o
gmake[1]: Leaving directory `/gpfs/fs0/scratch/m/myano/qed/aps_cases/naca_euler_optim/build_mpi/CMakeFiles/CMakeTmp'


Parsed CXX implicit link information from above output:
  link line regex: [^( *|.*[/\])(ld|CMAKE_LINK_STARTFILE-NOTFOUND|([^/\]+-)?ld|collect2)[^/\]*( |$)]
  ignore line: [Change Dir: /scratch/m/myano/qed/aps_cases/naca_euler_optim/build_mpi/CMakeFiles/CMakeTmp]
  ignore line: []
  ignore line: [Run Build Command:"/usr/bin/gmake" "cmTC_d0861/fast"]
  ignore line: [/usr/bin/gmake -f CMakeFiles/cmTC_d0861.dir/build.make CMakeFiles/cmTC_d0861.dir/build]
  ignore line: [gmake[1]: Entering directory `/gpfs/fs0/scratch/m/myano/qed/aps_cases/naca_euler_optim/build_mpi/CMakeFiles/CMakeTmp']
  ignore line: [Building CXX object CMakeFiles/cmTC_d0861.dir/CMakeCXXCompilerABI.cpp.o]
  ignore line: [/scinet/niagara/intel/2018.2/compilers_and_libraries_2018.2.199/linux/mpi/intel64/bin/mpicxx     -o CMakeFiles/cmTC_d0861.dir/CMakeCXXCompilerABI.cpp.o -c /gpfs/fs1/scinet/niagara/software/2018a/opt/base/cmake/3.10.3/share/cmake-3.10/Modules/CMakeCXXCompilerABI.cpp]
  ignore line: [Linking CXX executable cmTC_d0861]
  ignore line: [/gpfs/fs1/scinet/niagara/software/2018a/opt/base/cmake/3.10.3/bin/cmake -E cmake_link_script CMakeFiles/cmTC_d0861.dir/link.txt --verbose=1]
  ignore line: [/scinet/niagara/intel/2018.2/compilers_and_libraries_2018.2.199/linux/mpi/intel64/bin/mpicxx      -v -rdynamic CMakeFiles/cmTC_d0861.dir/CMakeCXXCompilerABI.cpp.o  -o cmTC_d0861 ]
  ignore line: [mpiicpc for the Intel(R) MPI Library 2018 Update 2 for Linux*]
  ignore line: [Copyright(C) 2003-2018, Intel Corporation.  All rights reserved.]
  ignore line: [__INTEL_PRE_CFLAGS options:  -gcc-name=core-gcc -gxx-name=core-g++]
  ignore line: [icpc version 18.0.2 (gcc version 6.4.0 compatibility)]
  ignore line: [/gpfs/fs1/scinet/niagara/intel/2018.2/compilers_and_libraries_2018.2.199/linux/bin/intel64/mcpcom    -mGLOB_em64t=TRUE -mP1OPT_version=18.0-intel64 -mGLOB_diag_file=CMakeFiles/cmTC_d0861.dir/CMakeCXXCompilerABI.cpp.diag -mGLOB_long_size_64 -mGLOB_routine_pointer_size_64 -mP1OPT_print_version=FALSE -mCG_use_gas_got_workaround=F -mP2OPT_align_option_used=TRUE -mGLOB_gcc_version=640 "-mGLOB_options_string=-I/scinet/niagara/intel/2018.2/compilers_and_libraries_2018.2.199/linux/mpi/intel64/include -gcc-name=core-gcc -gxx-name=core-g++ -v -rdynamic -o cmTC_d0861 -L/scinet/niagara/intel/2018.2/compilers_and_libraries_2018.2.199/linux/mpi/intel64/lib/release_mt -L/scinet/niagara/intel/2018.2/compilers_and_libraries_2018.2.199/linux/mpi/intel64/lib -Xlinker --enable-new-dtags -Xlinker -rpath -Xlinker /scinet/niagara/intel/2018.2/compilers_and_libraries_2018.2.199/linux/mpi/intel64/lib/release_mt -Xlinker -rpath -Xlinker /scinet/niagara/intel/2018.2/compilers_and_libraries_2018.2.199/linux/mpi/intel64/lib -Xlinker -rpath -Xlinker /opt/intel/mpi-rt/2017.0.0/intel64/lib/release_mt -Xlinker -rpath -Xlinker /opt/intel/mpi-rt/2017.0.0/intel64/lib -lmpicxx -lmpifort -lmpi -lmpigi -ldl -lrt -lpthread" -mGLOB_cxx_limited_range=FALSE -mCG_extend_parms=FALSE -mGLOB_compiler_bin_directory=/gpfs/fs1/scinet/niagara/intel/2018.2/compilers_and_libraries_2018.2.199/linux/bin/intel64 -mGLOB_as_output_backup_file_name=/tmp/icpcUb5Uxbas_.s -mGLOB_dashboard_use_source_name -mIPOPT_activate -mGLOB_product_id_code=0x22006d8f -mP3OPT_use_mspp_call_convention -mP2OPT_subs_out_of_bound=FALSE -mP2OPT_disam_type_based_disam=2 -mP2OPT_disam_assume_ansi_c -mP2OPT_checked_disam_ansi_alias=TRUE -mGLOB_ansi_alias -mPGOPTI_value_profile_use=T -mGLOB_opt_report_use_source_name -mP2OPT_il0_array_sections=TRUE -mGLOB_offload_mode=1 -mP2OPT_offload_unique_var_string=icpc1821703728KP44sR -mP2OPT_hlo -mP2OPT_hpo_rtt_control=0 -mIPOPT_args_in_regs=0 -mP2OPT_disam_assume_nonstd_intent_in=FALSE -mGLOB_imf_mapping_library=/gpfs/fs1/scinet/niagara/intel/2018.2/compilers_and_libraries_2018.2.199/linux/bin/intel64/libiml_attr.so -mPGOPTI_gen_threadsafe_level=0 -mIPOPT_link -mIPOPT_ipo_activate -mIPOPT_mo_activate -mIPOPT_source_files_list=/tmp/icpcslisRxhtwP -mIPOPT_mo_global_data -mIPOPT_link_script_file=/tmp/icpcscriptii23bC "-mIPOPT_cmdline_link="/lib/../lib64/crt1.o" "/lib/../lib64/crti.o" "/gpfs/fs1/scinet/niagara/software/2018a/core/bin/../lib/gcc/x86_64-pc-linux-gnu/6.4.0/crtbegin.o" "-export-dynamic" "--eh-frame-hdr" "--build-id" "-dynamic-linker" "/lib64/ld-linux-x86-64.so.2" "-m" "elf_x86_64" "-L/scinet/niagara/intel/2018.2/compilers_and_libraries_2018.2.199/linux/mpi/intel64/lib/release_mt" "-L/scinet/niagara/intel/2018.2/compilers_and_libraries_2018.2.199/linux/mpi/intel64/lib" "-o" "cmTC_d0861" "-L/scinet/niagara/software/2018a/opt/intel-2018.2/hdf5/1.8.20/lib" "-L/scinet/niagara/software/2018a/opt/intel-2018.2-intelmpi-2018.2/boost/1.67.0/lib" "-L/scinet/niagara/intel/2018.2/compilers_and_libraries_2018.2.199/linux/ipp/lib/intel64" "-L/scinet/niagara/intel/2018.2/compilers_and_libraries_2018.2.199/linux/compiler/lib/intel64_lin" "-L/scinet/niagara/intel/2018.2/compilers_and_libraries_2018.2.199/linux/mkl/lib/intel64_lin" "-L/scinet/niagara/intel/2018.2/compilers_and_libraries_2018.2.199/linux/tbb/lib/intel64/gcc4.1" "-L/scinet/niagara/intel/2018.2/compilers_and_libraries_2018.2.199/linux/daal/lib/intel64_lin" "-L/scinet/niagara/intel/2018.2/compilers_and_libraries_2018.2.199/linux/tbb/lib/intel64_lin/gcc4.4" "-L/gpfs/fs1/scinet/niagara/intel/2018.2/compilers_and_libraries_2018.2.199/linux/compiler/lib/intel64_lin" "-L/gpfs/fs1/scinet/niagara/software/2018a/core/bin/../lib/gcc/x86_64-pc-linux-gnu/6.4.0/" "-L/gpfs/fs1/scinet/niagara/software/2018a/core/bin/../lib/gcc/" "-L/gpfs/fs1/scinet/niagara/software/2018a/core/bin/../lib/gcc/x86_64-pc-linux-gnu/6.4.0/../../../../lib64" "-L/gpfs/fs1/scinet/niagara/software/2018a/core/bin/../lib/gcc/x86_64-pc-linux-gnu/6.4.0/../../../../lib64/" "-L/lib/../lib64" "-L/lib/../lib64/" "-L/usr/lib/../lib64" "-L/usr/lib/../lib64/" "-L/scinet/niagara/software/2018a/opt/intel-2018.2/hdf5/1.8.20/lib/" "-L/scinet/niagara/software/2018a/opt/intel-2018.2-intelmpi-2018.2/boost/1.67.0/lib/" "-L/scinet/niagara/intel/2018.2/compilers_and_libraries_2018.2.199/linux/ipp/lib/intel64/" "-L/scinet/niagara/intel/2018.2/compilers_and_libraries_2018.2.199/linux/compiler/lib/intel64_lin/" "-L/scinet/niagara/intel/2018.2/compilers_and_libraries_2018.2.199/linux/mkl/lib/intel64_lin/" "-L/scinet/niagara/intel/2018.2/compilers_and_libraries_2018.2.199/linux/tbb/lib/intel64/gcc4.1/" "-L/scinet/niagara/intel/2018.2/compilers_and_libraries_2018.2.199/linux/daal/lib/intel64_lin/" "-L/scinet/niagara/intel/2018.2/compilers_and_libraries_2018.2.199/linux/tbb/lib/intel64_lin/gcc4.4/" "-L/gpfs/fs1/scinet/niagara/software/2018a/core/bin/../lib/gcc/x86_64-pc-linux-gnu/6.4.0/../../../" "-L/lib64" "-L/lib/" "-L/usr/lib64" "-L/usr/lib" "CMakeFiles/cmTC_d0861.dir/CMakeCXXCompilerABI.cpp.o" "--enable-new-dtags" "-rpath" "/scinet/niagara/intel/2018.2/compilers_and_libraries_2018.2.199/linux/mpi/intel64/lib/release_mt" "-rpath" "/scinet/niagara/intel/2018.2/compilers_and_libraries_2018.2.199/linux/mpi/intel64/lib" "-rpath" "/opt/intel/mpi-rt/2017.0.0/intel64/lib/release_mt" "-rpath" "/opt/intel/mpi-rt/2017.0.0/intel64/lib" "-lmpicxx" "-lmpifort" "-lmpi" "-lmpigi" "-ldl" "-lrt" "-lpthread" "-Bdynamic" "-Bstatic" "-limf" "-lsvml" "-lirng" "-Bdynamic" "-lstdc++" "-lm" "-Bstatic" "-lipgo" "-ldecimal" "--as-needed" "-Bdynamic" "-lcilkrts" "--no-as-needed" "-lstdc++" "-lgcc" "-lgcc_s" "-Bstatic" "-lirc" "-lsvml" "-Bdynamic" "-lc" "-lgcc" "-lgcc_s" "-Bstatic" "-lirc_s" "-Bdynamic" "-ldl" "-lc" "/gpfs/fs1/scinet/niagara/software/2018a/core/bin/../lib/gcc/x86_64-pc-linux-gnu/6.4.0/crtend.o" "/lib/../lib64/crtn.o"" -mIPOPT_il_in_obj -mIPOPT_ipo_activate_warn=FALSE -mIPOPT_obj_output_file_name=/tmp/ipo_icpcLDXSu7.o -mIPOPT_whole_archive_fixup_file_name=/tmp/icpcwarchp21VBx -mGLOB_linker_version=2.27 -mGLOB_driver_tempfile_name=/tmp/icpctempfilewpgdjk -mP3OPT_asm_target=P3OPT_ASM_TARGET_GAS -mGLOB_async_unwind_tables=TRUE -mGLOB_obj_output_file=/tmp/ipo_icpcLDXSu7.o -mGLOB_source_dialect=GLOB_SOURCE_DIALECT_NONE -mP1OPT_source_file_name=ipo_out.c CMakeFiles/cmTC_d0861.dir/CMakeCXXCompilerABI.cpp.o -mIPOPT_object_files=T -mIPOPT_assembly_files=/tmp/icpcalisDmh5PG -mIPOPT_generated_tempfiles=/tmp/icpcelisSIoGvt -mIPOPT_embedded_object_base_name=/tmp/icpceobjv4jhbg -mIPOPT_cmdline_link_new_name=/tmp/icpcllisitkSQ2]
  link line: [ld    /lib/../lib64/crt1.o /lib/../lib64/crti.o /gpfs/fs1/scinet/niagara/software/2018a/core/bin/../lib/gcc/x86_64-pc-linux-gnu/6.4.0/crtbegin.o -export-dynamic --eh-frame-hdr --build-id -dynamic-linker /lib64/ld-linux-x86-64.so.2 -m elf_x86_64 -L/scinet/niagara/intel/2018.2/compilers_and_libraries_2018.2.199/linux/mpi/intel64/lib/release_mt -L/scinet/niagara/intel/2018.2/compilers_and_libraries_2018.2.199/linux/mpi/intel64/lib -o cmTC_d0861 -L/scinet/niagara/software/2018a/opt/intel-2018.2/hdf5/1.8.20/lib -L/scinet/niagara/software/2018a/opt/intel-2018.2-intelmpi-2018.2/boost/1.67.0/lib -L/scinet/niagara/intel/2018.2/compilers_and_libraries_2018.2.199/linux/ipp/lib/intel64 -L/scinet/niagara/intel/2018.2/compilers_and_libraries_2018.2.199/linux/compiler/lib/intel64_lin -L/scinet/niagara/intel/2018.2/compilers_and_libraries_2018.2.199/linux/mkl/lib/intel64_lin -L/scinet/niagara/intel/2018.2/compilers_and_libraries_2018.2.199/linux/tbb/lib/intel64/gcc4.1 -L/scinet/niagara/intel/2018.2/compilers_and_libraries_2018.2.199/linux/daal/lib/intel64_lin -L/scinet/niagara/intel/2018.2/compilers_and_libraries_2018.2.199/linux/tbb/lib/intel64_lin/gcc4.4 -L/gpfs/fs1/scinet/niagara/intel/2018.2/compilers_and_libraries_2018.2.199/linux/compiler/lib/intel64_lin -L/gpfs/fs1/scinet/niagara/software/2018a/core/bin/../lib/gcc/x86_64-pc-linux-gnu/6.4.0/ -L/gpfs/fs1/scinet/niagara/software/2018a/core/bin/../lib/gcc/ -L/gpfs/fs1/scinet/niagara/software/2018a/core/bin/../lib/gcc/x86_64-pc-linux-gnu/6.4.0/../../../../lib64 -L/gpfs/fs1/scinet/niagara/software/2018a/core/bin/../lib/gcc/x86_64-pc-linux-gnu/6.4.0/../../../../lib64/ -L/lib/../lib64 -L/lib/../lib64/ -L/usr/lib/../lib64 -L/usr/lib/../lib64/ -L/scinet/niagara/software/2018a/opt/intel-2018.2/hdf5/1.8.20/lib/ -L/scinet/niagara/software/2018a/opt/intel-2018.2-intelmpi-2018.2/boost/1.67.0/lib/ -L/scinet/niagara/intel/2018.2/compilers_and_libraries_2018.2.199/linux/ipp/lib/intel64/ -L/scinet/niagara/intel/2018.2/compilers_and_libraries_2018.2.199/linux/compiler/lib/intel64_lin/ -L/scinet/niagara/intel/2018.2/compilers_and_libraries_2018.2.199/linux/mkl/lib/intel64_lin/ -L/scinet/niagara/intel/2018.2/compilers_and_libraries_2018.2.199/linux/tbb/lib/intel64/gcc4.1/ -L/scinet/niagara/intel/2018.2/compilers_and_libraries_2018.2.199/linux/daal/lib/intel64_lin/ -L/scinet/niagara/intel/2018.2/compilers_and_libraries_2018.2.199/linux/tbb/lib/intel64_lin/gcc4.4/ -L/gpfs/fs1/scinet/niagara/software/2018a/core/bin/../lib/gcc/x86_64-pc-linux-gnu/6.4.0/../../../ -L/lib64 -L/lib/ -L/usr/lib64 -L/usr/lib CMakeFiles/cmTC_d0861.dir/CMakeCXXCompilerABI.cpp.o --enable-new-dtags -rpath /scinet/niagara/intel/2018.2/compilers_and_libraries_2018.2.199/linux/mpi/intel64/lib/release_mt -rpath /scinet/niagara/intel/2018.2/compilers_and_libraries_2018.2.199/linux/mpi/intel64/lib -rpath /opt/intel/mpi-rt/2017.0.0/intel64/lib/release_mt -rpath /opt/intel/mpi-rt/2017.0.0/intel64/lib -lmpicxx -lmpifort -lmpi -lmpigi -ldl -lrt -lpthread -Bdynamic -Bstatic -limf -lsvml -lirng -Bdynamic -lstdc++ -lm -Bstatic -lipgo -ldecimal --as-needed -Bdynamic -lcilkrts --no-as-needed -lstdc++ -lgcc -lgcc_s -Bstatic -lirc -lsvml -Bdynamic -lc -lgcc -lgcc_s -Bstatic -lirc_s -Bdynamic -ldl -lc /gpfs/fs1/scinet/niagara/software/2018a/core/bin/../lib/gcc/x86_64-pc-linux-gnu/6.4.0/crtend.o /lib/../lib64/crtn.o]
    arg [ld] ==> ignore
    arg [/lib/../lib64/crt1.o] ==> ignore
    arg [/lib/../lib64/crti.o] ==> ignore
    arg [/gpfs/fs1/scinet/niagara/software/2018a/core/bin/../lib/gcc/x86_64-pc-linux-gnu/6.4.0/crtbegin.o] ==> ignore
    arg [-export-dynamic] ==> ignore
    arg [--eh-frame-hdr] ==> ignore
    arg [--build-id] ==> ignore
    arg [-dynamic-linker] ==> ignore
    arg [/lib64/ld-linux-x86-64.so.2] ==> ignore
    arg [-m] ==> ignore
    arg [elf_x86_64] ==> ignore
    arg [-L/scinet/niagara/intel/2018.2/compilers_and_libraries_2018.2.199/linux/mpi/intel64/lib/release_mt] ==> dir [/scinet/niagara/intel/2018.2/compilers_and_libraries_2018.2.199/linux/mpi/intel64/lib/release_mt]
    arg [-L/scinet/niagara/intel/2018.2/compilers_and_libraries_2018.2.199/linux/mpi/intel64/lib] ==> dir [/scinet/niagara/intel/2018.2/compilers_and_libraries_2018.2.199/linux/mpi/intel64/lib]
    arg [-o] ==> ignore
    arg [cmTC_d0861] ==> ignore
    arg [-L/scinet/niagara/software/2018a/opt/intel-2018.2/hdf5/1.8.20/lib] ==> dir [/scinet/niagara/software/2018a/opt/intel-2018.2/hdf5/1.8.20/lib]
    arg [-L/scinet/niagara/software/2018a/opt/intel-2018.2-intelmpi-2018.2/boost/1.67.0/lib] ==> dir [/scinet/niagara/software/2018a/opt/intel-2018.2-intelmpi-2018.2/boost/1.67.0/lib]
    arg [-L/scinet/niagara/intel/2018.2/compilers_and_libraries_2018.2.199/linux/ipp/lib/intel64] ==> dir [/scinet/niagara/intel/2018.2/compilers_and_libraries_2018.2.199/linux/ipp/lib/intel64]
    arg [-L/scinet/niagara/intel/2018.2/compilers_and_libraries_2018.2.199/linux/compiler/lib/intel64_lin] ==> dir [/scinet/niagara/intel/2018.2/compilers_and_libraries_2018.2.199/linux/compiler/lib/intel64_lin]
    arg [-L/scinet/niagara/intel/2018.2/compilers_and_libraries_2018.2.199/linux/mkl/lib/intel64_lin] ==> dir [/scinet/niagara/intel/2018.2/compilers_and_libraries_2018.2.199/linux/mkl/lib/intel64_lin]
    arg [-L/scinet/niagara/intel/2018.2/compilers_and_libraries_2018.2.199/linux/tbb/lib/intel64/gcc4.1] ==> dir [/scinet/niagara/intel/2018.2/compilers_and_libraries_2018.2.199/linux/tbb/lib/intel64/gcc4.1]
    arg [-L/scinet/niagara/intel/2018.2/compilers_and_libraries_2018.2.199/linux/daal/lib/intel64_lin] ==> dir [/scinet/niagara/intel/2018.2/compilers_and_libraries_2018.2.199/linux/daal/lib/intel64_lin]
    arg [-L/scinet/niagara/intel/2018.2/compilers_and_libraries_2018.2.199/linux/tbb/lib/intel64_lin/gcc4.4] ==> dir [/scinet/niagara/intel/2018.2/compilers_and_libraries_2018.2.199/linux/tbb/lib/intel64_lin/gcc4.4]
    arg [-L/gpfs/fs1/scinet/niagara/intel/2018.2/compilers_and_libraries_2018.2.199/linux/compiler/lib/intel64_lin] ==> dir [/gpfs/fs1/scinet/niagara/intel/2018.2/compilers_and_libraries_2018.2.199/linux/compiler/lib/intel64_lin]
    arg [-L/gpfs/fs1/scinet/niagara/software/2018a/core/bin/../lib/gcc/x86_64-pc-linux-gnu/6.4.0/] ==> dir [/gpfs/fs1/scinet/niagara/software/2018a/core/bin/../lib/gcc/x86_64-pc-linux-gnu/6.4.0/]
    arg [-L/gpfs/fs1/scinet/niagara/software/2018a/core/bin/../lib/gcc/] ==> dir [/gpfs/fs1/scinet/niagara/software/2018a/core/bin/../lib/gcc/]
    arg [-L/gpfs/fs1/scinet/niagara/software/2018a/core/bin/../lib/gcc/x86_64-pc-linux-gnu/6.4.0/../../../../lib64] ==> dir [/gpfs/fs1/scinet/niagara/software/2018a/core/bin/../lib/gcc/x86_64-pc-linux-gnu/6.4.0/../../../../lib64]
    arg [-L/gpfs/fs1/scinet/niagara/software/2018a/core/bin/../lib/gcc/x86_64-pc-linux-gnu/6.4.0/../../../../lib64/] ==> dir [/gpfs/fs1/scinet/niagara/software/2018a/core/bin/../lib/gcc/x86_64-pc-linux-gnu/6.4.0/../../../../lib64/]
    arg [-L/lib/../lib64] ==> dir [/lib/../lib64]
    arg [-L/lib/../lib64/] ==> dir [/lib/../lib64/]
    arg [-L/usr/lib/../lib64] ==> dir [/usr/lib/../lib64]
    arg [-L/usr/lib/../lib64/] ==> dir [/usr/lib/../lib64/]
    arg [-L/scinet/niagara/software/2018a/opt/intel-2018.2/hdf5/1.8.20/lib/] ==> dir [/scinet/niagara/software/2018a/opt/intel-2018.2/hdf5/1.8.20/lib/]
    arg [-L/scinet/niagara/software/2018a/opt/intel-2018.2-intelmpi-2018.2/boost/1.67.0/lib/] ==> dir [/scinet/niagara/software/2018a/opt/intel-2018.2-intelmpi-2018.2/boost/1.67.0/lib/]
    arg [-L/scinet/niagara/intel/2018.2/compilers_and_libraries_2018.2.199/linux/ipp/lib/intel64/] ==> dir [/scinet/niagara/intel/2018.2/compilers_and_libraries_2018.2.199/linux/ipp/lib/intel64/]
    arg [-L/scinet/niagara/intel/2018.2/compilers_and_libraries_2018.2.199/linux/compiler/lib/intel64_lin/] ==> dir [/scinet/niagara/intel/2018.2/compilers_and_libraries_2018.2.199/linux/compiler/lib/intel64_lin/]
    arg [-L/scinet/niagara/intel/2018.2/compilers_and_libraries_2018.2.199/linux/mkl/lib/intel64_lin/] ==> dir [/scinet/niagara/intel/2018.2/compilers_and_libraries_2018.2.199/linux/mkl/lib/intel64_lin/]
    arg [-L/scinet/niagara/intel/2018.2/compilers_and_libraries_2018.2.199/linux/tbb/lib/intel64/gcc4.1/] ==> dir [/scinet/niagara/intel/2018.2/compilers_and_libraries_2018.2.199/linux/tbb/lib/intel64/gcc4.1/]
    arg [-L/scinet/niagara/intel/2018.2/compilers_and_libraries_2018.2.199/linux/daal/lib/intel64_lin/] ==> dir [/scinet/niagara/intel/2018.2/compilers_and_libraries_2018.2.199/linux/daal/lib/intel64_lin/]
    arg [-L/scinet/niagara/intel/2018.2/compilers_and_libraries_2018.2.199/linux/tbb/lib/intel64_lin/gcc4.4/] ==> dir [/scinet/niagara/intel/2018.2/compilers_and_libraries_2018.2.199/linux/tbb/lib/intel64_lin/gcc4.4/]
    arg [-L/gpfs/fs1/scinet/niagara/software/2018a/core/bin/../lib/gcc/x86_64-pc-linux-gnu/6.4.0/../../../] ==> dir [/gpfs/fs1/scinet/niagara/software/2018a/core/bin/../lib/gcc/x86_64-pc-linux-gnu/6.4.0/../../../]
    arg [-L/lib64] ==> dir [/lib64]
    arg [-L/lib/] ==> dir [/lib/]
    arg [-L/usr/lib64] ==> dir [/usr/lib64]
    arg [-L/usr/lib] ==> dir [/usr/lib]
    arg [CMakeFiles/cmTC_d0861.dir/CMakeCXXCompilerABI.cpp.o] ==> ignore
    arg [--enable-new-dtags] ==> ignore
    arg [-rpath] ==> ignore
    arg [/scinet/niagara/intel/2018.2/compilers_and_libraries_2018.2.199/linux/mpi/intel64/lib/release_mt] ==> ignore
    arg [-rpath] ==> ignore
    arg [/scinet/niagara/intel/2018.2/compilers_and_libraries_2018.2.199/linux/mpi/intel64/lib] ==> ignore
    arg [-rpath] ==> ignore
    arg [/opt/intel/mpi-rt/2017.0.0/intel64/lib/release_mt] ==> ignore
    arg [-rpath] ==> ignore
    arg [/opt/intel/mpi-rt/2017.0.0/intel64/lib] ==> ignore
    arg [-lmpicxx] ==> lib [mpicxx]
    arg [-lmpifort] ==> lib [mpifort]
    arg [-lmpi] ==> lib [mpi]
    arg [-lmpigi] ==> lib [mpigi]
    arg [-ldl] ==> lib [dl]
    arg [-lrt] ==> lib [rt]
    arg [-lpthread] ==> lib [pthread]
    arg [-Bdynamic] ==> ignore
    arg [-Bstatic] ==> ignore
    arg [-limf] ==> lib [imf]
    arg [-lsvml] ==> lib [svml]
    arg [-lirng] ==> lib [irng]
    arg [-Bdynamic] ==> ignore
    arg [-lstdc++] ==> lib [stdc++]
    arg [-lm] ==> lib [m]
    arg [-Bstatic] ==> ignore
    arg [-lipgo] ==> lib [ipgo]
    arg [-ldecimal] ==> lib [decimal]
    arg [--as-needed] ==> ignore
    arg [-Bdynamic] ==> ignore
    arg [-lcilkrts] ==> lib [cilkrts]
    arg [--no-as-needed] ==> ignore
    arg [-lstdc++] ==> lib [stdc++]
    arg [-lgcc] ==> lib [gcc]
    arg [-lgcc_s] ==> lib [gcc_s]
    arg [-Bstatic] ==> ignore
    arg [-lirc] ==> lib [irc]
    arg [-lsvml] ==> lib [svml]
    arg [-Bdynamic] ==> ignore
    arg [-lc] ==> lib [c]
    arg [-lgcc] ==> lib [gcc]
    arg [-lgcc_s] ==> lib [gcc_s]
    arg [-Bstatic] ==> ignore
    arg [-lirc_s] ==> lib [irc_s]
    arg [-Bdynamic] ==> ignore
    arg [-ldl] ==> lib [dl]
    arg [-lc] ==> lib [c]
    arg [/gpfs/fs1/scinet/niagara/software/2018a/core/bin/../lib/gcc/x86_64-pc-linux-gnu/6.4.0/crtend.o] ==> ignore
    arg [/lib/../lib64/crtn.o] ==> ignore
  collapse library dir [/scinet/niagara/intel/2018.2/compilers_and_libraries_2018.2.199/linux/mpi/intel64/lib/release_mt] ==> [/scinet/niagara/intel/2018.2/compilers_and_libraries_2018.2.199/linux/mpi/intel64/lib/release_mt]
  collapse library dir [/scinet/niagara/intel/2018.2/compilers_and_libraries_2018.2.199/linux/mpi/intel64/lib] ==> [/scinet/niagara/intel/2018.2/compilers_and_libraries_2018.2.199/linux/mpi/intel64/lib]
  collapse library dir [/scinet/niagara/software/2018a/opt/intel-2018.2/hdf5/1.8.20/lib] ==> [/scinet/niagara/software/2018a/opt/intel-2018.2/hdf5/1.8.20/lib]
  collapse library dir [/scinet/niagara/software/2018a/opt/intel-2018.2-intelmpi-2018.2/boost/1.67.0/lib] ==> [/scinet/niagara/software/2018a/opt/intel-2018.2-intelmpi-2018.2/boost/1.67.0/lib]
  collapse library dir [/scinet/niagara/intel/2018.2/compilers_and_libraries_2018.2.199/linux/ipp/lib/intel64] ==> [/scinet/niagara/intel/2018.2/compilers_and_libraries_2018.2.199/linux/ipp/lib/intel64]
  collapse library dir [/scinet/niagara/intel/2018.2/compilers_and_libraries_2018.2.199/linux/compiler/lib/intel64_lin] ==> [/scinet/niagara/intel/2018.2/compilers_and_libraries_2018.2.199/linux/compiler/lib/intel64_lin]
  collapse library dir [/scinet/niagara/intel/2018.2/compilers_and_libraries_2018.2.199/linux/mkl/lib/intel64_lin] ==> [/scinet/niagara/intel/2018.2/compilers_and_libraries_2018.2.199/linux/mkl/lib/intel64_lin]
  collapse library dir [/scinet/niagara/intel/2018.2/compilers_and_libraries_2018.2.199/linux/tbb/lib/intel64/gcc4.1] ==> [/scinet/niagara/intel/2018.2/compilers_and_libraries_2018.2.199/linux/tbb/lib/intel64/gcc4.1]
  collapse library dir [/scinet/niagara/intel/2018.2/compilers_and_libraries_2018.2.199/linux/daal/lib/intel64_lin] ==> [/scinet/niagara/intel/2018.2/compilers_and_libraries_2018.2.199/linux/daal/lib/intel64_lin]
  collapse library dir [/scinet/niagara/intel/2018.2/compilers_and_libraries_2018.2.199/linux/tbb/lib/intel64_lin/gcc4.4] ==> [/scinet/niagara/intel/2018.2/compilers_and_libraries_2018.2.199/linux/tbb/lib/intel64_lin/gcc4.4]
  collapse library dir [/gpfs/fs1/scinet/niagara/intel/2018.2/compilers_and_libraries_2018.2.199/linux/compiler/lib/intel64_lin] ==> [/gpfs/fs1/scinet/niagara/intel/2018.2/compilers_and_libraries_2018.2.199/linux/compiler/lib/intel64_lin]
  collapse library dir [/gpfs/fs1/scinet/niagara/software/2018a/core/bin/../lib/gcc/x86_64-pc-linux-gnu/6.4.0/] ==> [/gpfs/fs1/scinet/niagara/software/2018a/core/lib/gcc/x86_64-pc-linux-gnu/6.4.0]
  collapse library dir [/gpfs/fs1/scinet/niagara/software/2018a/core/bin/../lib/gcc/] ==> [/gpfs/fs1/scinet/niagara/software/2018a/core/lib/gcc]
  collapse library dir [/gpfs/fs1/scinet/niagara/software/2018a/core/bin/../lib/gcc/x86_64-pc-linux-gnu/6.4.0/../../../../lib64] ==> [/gpfs/fs1/scinet/niagara/software/2018a/core/lib64]
  collapse library dir [/gpfs/fs1/scinet/niagara/software/2018a/core/bin/../lib/gcc/x86_64-pc-linux-gnu/6.4.0/../../../../lib64/] ==> [/gpfs/fs1/scinet/niagara/software/2018a/core/lib64]
  collapse library dir [/lib/../lib64] ==> [/lib64]
  collapse library dir [/lib/../lib64/] ==> [/lib64]
  collapse library dir [/usr/lib/../lib64] ==> [/usr/lib64]
  collapse library dir [/usr/lib/../lib64/] ==> [/usr/lib64]
  collapse library dir [/scinet/niagara/software/2018a/opt/intel-2018.2/hdf5/1.8.20/lib/] ==> [/scinet/niagara/software/2018a/opt/intel-2018.2/hdf5/1.8.20/lib]
  collapse library dir [/scinet/niagara/software/2018a/opt/intel-2018.2-intelmpi-2018.2/boost/1.67.0/lib/] ==> [/scinet/niagara/software/2018a/opt/intel-2018.2-intelmpi-2018.2/boost/1.67.0/lib]
  collapse library dir [/scinet/niagara/intel/2018.2/compilers_and_libraries_2018.2.199/linux/ipp/lib/intel64/] ==> [/scinet/niagara/intel/2018.2/compilers_and_libraries_2018.2.199/linux/ipp/lib/intel64]
  collapse library dir [/scinet/niagara/intel/2018.2/compilers_and_libraries_2018.2.199/linux/compiler/lib/intel64_lin/] ==> [/scinet/niagara/intel/2018.2/compilers_and_libraries_2018.2.199/linux/compiler/lib/intel64_lin]
  collapse library dir [/scinet/niagara/intel/2018.2/compilers_and_libraries_2018.2.199/linux/mkl/lib/intel64_lin/] ==> [/scinet/niagara/intel/2018.2/compilers_and_libraries_2018.2.199/linux/mkl/lib/intel64_lin]
  collapse library dir [/scinet/niagara/intel/2018.2/compilers_and_libraries_2018.2.199/linux/tbb/lib/intel64/gcc4.1/] ==> [/scinet/niagara/intel/2018.2/compilers_and_libraries_2018.2.199/linux/tbb/lib/intel64/gcc4.1]
  collapse library dir [/scinet/niagara/intel/2018.2/compilers_and_libraries_2018.2.199/linux/daal/lib/intel64_lin/] ==> [/scinet/niagara/intel/2018.2/compilers_and_libraries_2018.2.199/linux/daal/lib/intel64_lin]
  collapse library dir [/scinet/niagara/intel/2018.2/compilers_and_libraries_2018.2.199/linux/tbb/lib/intel64_lin/gcc4.4/] ==> [/scinet/niagara/intel/2018.2/compilers_and_libraries_2018.2.199/linux/tbb/lib/intel64_lin/gcc4.4]
  collapse library dir [/gpfs/fs1/scinet/niagara/software/2018a/core/bin/../lib/gcc/x86_64-pc-linux-gnu/6.4.0/../../../] ==> [/gpfs/fs1/scinet/niagara/software/2018a/core/lib]
  collapse library dir [/lib64] ==> [/lib64]
  collapse library dir [/lib/] ==> [/lib]
  collapse library dir [/usr/lib64] ==> [/usr/lib64]
  collapse library dir [/usr/lib] ==> [/usr/lib]
  implicit libs: [mpicxx;mpifort;mpi;mpigi;dl;rt;pthread;imf;svml;irng;stdc++;m;ipgo;decimal;cilkrts;stdc++;gcc;gcc_s;irc;svml;c;gcc;gcc_s;irc_s;dl;c]
  implicit dirs: [/scinet/niagara/intel/2018.2/compilers_and_libraries_2018.2.199/linux/mpi/intel64/lib/release_mt;/scinet/niagara/intel/2018.2/compilers_and_libraries_2018.2.199/linux/mpi/intel64/lib;/scinet/niagara/software/2018a/opt/intel-2018.2/hdf5/1.8.20/lib;/scinet/niagara/software/2018a/opt/intel-2018.2-intelmpi-2018.2/boost/1.67.0/lib;/scinet/niagara/intel/2018.2/compilers_and_libraries_2018.2.199/linux/ipp/lib/intel64;/scinet/niagara/intel/2018.2/compilers_and_libraries_2018.2.199/linux/compiler/lib/intel64_lin;/scinet/niagara/intel/2018.2/compilers_and_libraries_2018.2.199/linux/mkl/lib/intel64_lin;/scinet/niagara/intel/2018.2/compilers_and_libraries_2018.2.199/linux/tbb/lib/intel64/gcc4.1;/scinet/niagara/intel/2018.2/compilers_and_libraries_2018.2.199/linux/daal/lib/intel64_lin;/scinet/niagara/intel/2018.2/compilers_and_libraries_2018.2.199/linux/tbb/lib/intel64_lin/gcc4.4;/gpfs/fs1/scinet/niagara/intel/2018.2/compilers_and_libraries_2018.2.199/linux/compiler/lib/intel64_lin;/gpfs/fs1/scinet/niagara/software/2018a/core/lib/gcc/x86_64-pc-linux-gnu/6.4.0;/gpfs/fs1/scinet/niagara/software/2018a/core/lib/gcc;/gpfs/fs1/scinet/niagara/software/2018a/core/lib64;/lib64;/usr/lib64;/gpfs/fs1/scinet/niagara/software/2018a/core/lib;/lib;/usr/lib]
  implicit fwks: []




Detecting CXX [-std=c++14] compiler features compiled with the following output:
Change Dir: /scratch/m/myano/qed/aps_cases/naca_euler_optim/build_mpi/CMakeFiles/CMakeTmp

Run Build Command:"/usr/bin/gmake" "cmTC_a1442/fast"
/usr/bin/gmake -f CMakeFiles/cmTC_a1442.dir/build.make CMakeFiles/cmTC_a1442.dir/build
gmake[1]: Entering directory `/gpfs/fs0/scratch/m/myano/qed/aps_cases/naca_euler_optim/build_mpi/CMakeFiles/CMakeTmp'
Building CXX object CMakeFiles/cmTC_a1442.dir/feature_tests.cxx.o
/scinet/niagara/intel/2018.2/compilers_and_libraries_2018.2.199/linux/mpi/intel64/bin/mpicxx    -std=c++14 -o CMakeFiles/cmTC_a1442.dir/feature_tests.cxx.o -c /scratch/m/myano/qed/aps_cases/naca_euler_optim/build_mpi/CMakeFiles/feature_tests.cxx
Linking CXX executable cmTC_a1442
/gpfs/fs1/scinet/niagara/software/2018a/opt/base/cmake/3.10.3/bin/cmake -E cmake_link_script CMakeFiles/cmTC_a1442.dir/link.txt --verbose=1
/scinet/niagara/intel/2018.2/compilers_and_libraries_2018.2.199/linux/mpi/intel64/bin/mpicxx       -rdynamic CMakeFiles/cmTC_a1442.dir/feature_tests.cxx.o  -o cmTC_a1442 
gmake[1]: Leaving directory `/gpfs/fs0/scratch/m/myano/qed/aps_cases/naca_euler_optim/build_mpi/CMakeFiles/CMakeTmp'


    Feature record: CXX_FEATURE:1cxx_aggregate_default_initializers
    Feature record: CXX_FEATURE:1cxx_alias_templates
    Feature record: CXX_FEATURE:1cxx_alignas
    Feature record: CXX_FEATURE:1cxx_alignof
    Feature record: CXX_FEATURE:1cxx_attributes
    Feature record: CXX_FEATURE:1cxx_attribute_deprecated
    Feature record: CXX_FEATURE:1cxx_auto_type
    Feature record: CXX_FEATURE:1cxx_binary_literals
    Feature record: CXX_FEATURE:1cxx_constexpr
    Feature record: CXX_FEATURE:1cxx_contextual_conversions
    Feature record: CXX_FEATURE:1cxx_decltype
    Feature record: CXX_FEATURE:1cxx_decltype_auto
    Feature record: CXX_FEATURE:1cxx_decltype_incomplete_return_types
    Feature record: CXX_FEATURE:1cxx_default_function_template_args
    Feature record: CXX_FEATURE:1cxx_defaulted_functions
    Feature record: CXX_FEATURE:1cxx_defaulted_move_initializers
    Feature record: CXX_FEATURE:1cxx_delegating_constructors
    Feature record: CXX_FEATURE:1cxx_deleted_functions
    Feature record: CXX_FEATURE:1cxx_digit_separators
    Feature record: CXX_FEATURE:1cxx_enum_forward_declarations
    Feature record: CXX_FEATURE:1cxx_explicit_conversions
    Feature record: CXX_FEATURE:1cxx_extended_friend_declarations
    Feature record: CXX_FEATURE:1cxx_extern_templates
    Feature record: CXX_FEATURE:1cxx_final
    Feature record: CXX_FEATURE:1cxx_func_identifier
    Feature record: CXX_FEATURE:1cxx_generic_lambdas
    Feature record: CXX_FEATURE:1cxx_inheriting_constructors
    Feature record: CXX_FEATURE:1cxx_inline_namespaces
    Feature record: CXX_FEATURE:1cxx_lambdas
    Feature record: CXX_FEATURE:1cxx_lambda_init_captures
    Feature record: CXX_FEATURE:1cxx_local_type_template_args
    Feature record: CXX_FEATURE:1cxx_long_long_type
    Feature record: CXX_FEATURE:1cxx_noexcept
    Feature record: CXX_FEATURE:1cxx_nonstatic_member_init
    Feature record: CXX_FEATURE:1cxx_nullptr
    Feature record: CXX_FEATURE:1cxx_override
    Feature record: CXX_FEATURE:1cxx_range_for
    Feature record: CXX_FEATURE:1cxx_raw_string_literals
    Feature record: CXX_FEATURE:1cxx_reference_qualified_functions
    Feature record: CXX_FEATURE:1cxx_relaxed_constexpr
    Feature record: CXX_FEATURE:1cxx_return_type_deduction
    Feature record: CXX_FEATURE:1cxx_right_angle_brackets
    Feature record: CXX_FEATURE:1cxx_rvalue_references
    Feature record: CXX_FEATURE:1cxx_sizeof_member
    Feature record: CXX_FEATURE:1cxx_static_assert
    Feature record: CXX_FEATURE:1cxx_strong_enums
    Feature record: CXX_FEATURE:1cxx_template_template_parameters
    Feature record: CXX_FEATURE:1cxx_thread_local
    Feature record: CXX_FEATURE:1cxx_trailing_return_types
    Feature record: CXX_FEATURE:1cxx_unicode_literals
    Feature record: CXX_FEATURE:1cxx_uniform_initialization
    Feature record: CXX_FEATURE:1cxx_unrestricted_unions
    Feature record: CXX_FEATURE:1cxx_user_literals
    Feature record: CXX_FEATURE:1cxx_variable_templates
    Feature record: CXX_FEATURE:1cxx_variadic_macros
    Feature record: CXX_FEATURE:1cxx_variadic_templates


Detecting CXX [-std=c++11] compiler features compiled with the following output:
Change Dir: /scratch/m/myano/qed/aps_cases/naca_euler_optim/build_mpi/CMakeFiles/CMakeTmp

Run Build Command:"/usr/bin/gmake" "cmTC_beabc/fast"
/usr/bin/gmake -f CMakeFiles/cmTC_beabc.dir/build.make CMakeFiles/cmTC_beabc.dir/build
gmake[1]: Entering directory `/gpfs/fs0/scratch/m/myano/qed/aps_cases/naca_euler_optim/build_mpi/CMakeFiles/CMakeTmp'
Building CXX object CMakeFiles/cmTC_beabc.dir/feature_tests.cxx.o
/scinet/niagara/intel/2018.2/compilers_and_libraries_2018.2.199/linux/mpi/intel64/bin/mpicxx    -std=c++11 -o CMakeFiles/cmTC_beabc.dir/feature_tests.cxx.o -c /scratch/m/myano/qed/aps_cases/naca_euler_optim/build_mpi/CMakeFiles/feature_tests.cxx
Linking CXX executable cmTC_beabc
/gpfs/fs1/scinet/niagara/software/2018a/opt/base/cmake/3.10.3/bin/cmake -E cmake_link_script CMakeFiles/cmTC_beabc.dir/link.txt --verbose=1
/scinet/niagara/intel/2018.2/compilers_and_libraries_2018.2.199/linux/mpi/intel64/bin/mpicxx       -rdynamic CMakeFiles/cmTC_beabc.dir/feature_tests.cxx.o  -o cmTC_beabc 
gmake[1]: Leaving directory `/gpfs/fs0/scratch/m/myano/qed/aps_cases/naca_euler_optim/build_mpi/CMakeFiles/CMakeTmp'


    Feature record: CXX_FEATURE:0cxx_aggregate_default_initializers
    Feature record: CXX_FEATURE:1cxx_alias_templates
    Feature record: CXX_FEATURE:1cxx_alignas
    Feature record: CXX_FEATURE:1cxx_alignof
    Feature record: CXX_FEATURE:1cxx_attributes
    Feature record: CXX_FEATURE:0cxx_attribute_deprecated
    Feature record: CXX_FEATURE:1cxx_auto_type
    Feature record: CXX_FEATURE:1cxx_binary_literals
    Feature record: CXX_FEATURE:1cxx_constexpr
    Feature record: CXX_FEATURE:0cxx_contextual_conversions
    Feature record: CXX_FEATURE:1cxx_decltype
    Feature record: CXX_FEATURE:0cxx_decltype_auto
    Feature record: CXX_FEATURE:1cxx_decltype_incomplete_return_types
    Feature record: CXX_FEATURE:1cxx_default_function_template_args
    Feature record: CXX_FEATURE:1cxx_defaulted_functions
    Feature record: CXX_FEATURE:1cxx_defaulted_move_initializers
    Feature record: CXX_FEATURE:1cxx_delegating_constructors
    Feature record: CXX_FEATURE:1cxx_deleted_functions
    Feature record: CXX_FEATURE:0cxx_digit_separators
    Feature record: CXX_FEATURE:1cxx_enum_forward_declarations
    Feature record: CXX_FEATURE:1cxx_explicit_conversions
    Feature record: CXX_FEATURE:1cxx_extended_friend_declarations
    Feature record: CXX_FEATURE:1cxx_extern_templates
    Feature record: CXX_FEATURE:1cxx_final
    Feature record: CXX_FEATURE:1cxx_func_identifier
    Feature record: CXX_FEATURE:0cxx_generic_lambdas
    Feature record: CXX_FEATURE:1cxx_inheriting_constructors
    Feature record: CXX_FEATURE:1cxx_inline_namespaces
    Feature record: CXX_FEATURE:1cxx_lambdas
    Feature record: CXX_FEATURE:0cxx_lambda_init_captures
    Feature record: CXX_FEATURE:1cxx_local_type_template_args
    Feature record: CXX_FEATURE:1cxx_long_long_type
    Feature record: CXX_FEATURE:1cxx_noexcept
    Feature record: CXX_FEATURE:1cxx_nonstatic_member_init
    Feature record: CXX_FEATURE:1cxx_nullptr
    Feature record: CXX_FEATURE:1cxx_override
    Feature record: CXX_FEATURE:1cxx_range_for
    Feature record: CXX_FEATURE:1cxx_raw_string_literals
    Feature record: CXX_FEATURE:1cxx_reference_qualified_functions
    Feature record: CXX_FEATURE:0cxx_relaxed_constexpr
    Feature record: CXX_FEATURE:0cxx_return_type_deduction
    Feature record: CXX_FEATURE:1cxx_right_angle_brackets
    Feature record: CXX_FEATURE:1cxx_rvalue_references
    Feature record: CXX_FEATURE:1cxx_sizeof_member
    Feature record: CXX_FEATURE:1cxx_static_assert
    Feature record: CXX_FEATURE:1cxx_strong_enums
    Feature record: CXX_FEATURE:1cxx_template_template_parameters
    Feature record: CXX_FEATURE:1cxx_thread_local
    Feature record: CXX_FEATURE:1cxx_trailing_return_types
    Feature record: CXX_FEATURE:1cxx_unicode_literals
    Feature record: CXX_FEATURE:1cxx_uniform_initialization
    Feature record: CXX_FEATURE:1cxx_unrestricted_unions
    Feature record: CXX_FEATURE:1cxx_user_literals
    Feature record: CXX_FEATURE:0cxx_variable_templates
    Feature record: CXX_FEATURE:1cxx_variadic_macros
    Feature record: CXX_FEATURE:1cxx_variadic_templates


Detecting CXX [-std=c++98] compiler features compiled with the following output:
Change Dir: /scratch/m/myano/qed/aps_cases/naca_euler_optim/build_mpi/CMakeFiles/CMakeTmp

Run Build Command:"/usr/bin/gmake" "cmTC_9c058/fast"
/usr/bin/gmake -f CMakeFiles/cmTC_9c058.dir/build.make CMakeFiles/cmTC_9c058.dir/build
gmake[1]: Entering directory `/gpfs/fs0/scratch/m/myano/qed/aps_cases/naca_euler_optim/build_mpi/CMakeFiles/CMakeTmp'
Building CXX object CMakeFiles/cmTC_9c058.dir/feature_tests.cxx.o
/scinet/niagara/intel/2018.2/compilers_and_libraries_2018.2.199/linux/mpi/intel64/bin/mpicxx    -std=c++98 -o CMakeFiles/cmTC_9c058.dir/feature_tests.cxx.o -c /scratch/m/myano/qed/aps_cases/naca_euler_optim/build_mpi/CMakeFiles/feature_tests.cxx
Linking CXX executable cmTC_9c058
/gpfs/fs1/scinet/niagara/software/2018a/opt/base/cmake/3.10.3/bin/cmake -E cmake_link_script CMakeFiles/cmTC_9c058.dir/link.txt --verbose=1
/scinet/niagara/intel/2018.2/compilers_and_libraries_2018.2.199/linux/mpi/intel64/bin/mpicxx       -rdynamic CMakeFiles/cmTC_9c058.dir/feature_tests.cxx.o  -o cmTC_9c058 
gmake[1]: Leaving directory `/gpfs/fs0/scratch/m/myano/qed/aps_cases/naca_euler_optim/build_mpi/CMakeFiles/CMakeTmp'


    Feature record: CXX_FEATURE:0cxx_aggregate_default_initializers
    Feature record: CXX_FEATURE:0cxx_alias_templates
    Feature record: CXX_FEATURE:0cxx_alignas
    Feature record: CXX_FEATURE:0cxx_alignof
    Feature record: CXX_FEATURE:0cxx_attributes
    Feature record: CXX_FEATURE:0cxx_attribute_deprecated
    Feature record: CXX_FEATURE:0cxx_auto_type
    Feature record: CXX_FEATURE:1cxx_binary_literals
    Feature record: CXX_FEATURE:0cxx_constexpr
    Feature record: CXX_FEATURE:0cxx_contextual_conversions
    Feature record: CXX_FEATURE:0cxx_decltype
    Feature record: CXX_FEATURE:0cxx_decltype_auto
    Feature record: CXX_FEATURE:0cxx_decltype_incomplete_return_types
    Feature record: CXX_FEATURE:0cxx_default_function_template_args
    Feature record: CXX_FEATURE:0cxx_defaulted_functions
    Feature record: CXX_FEATURE:0cxx_defaulted_move_initializers
    Feature record: CXX_FEATURE:0cxx_delegating_constructors
    Feature record: CXX_FEATURE:0cxx_deleted_functions
    Feature record: CXX_FEATURE:0cxx_digit_separators
    Feature record: CXX_FEATURE:0cxx_enum_forward_declarations
    Feature record: CXX_FEATURE:0cxx_explicit_conversions
    Feature record: CXX_FEATURE:0cxx_extended_friend_declarations
    Feature record: CXX_FEATURE:0cxx_extern_templates
    Feature record: CXX_FEATURE:0cxx_final
    Feature record: CXX_FEATURE:0cxx_func_identifier
    Feature record: CXX_FEATURE:0cxx_generic_lambdas
    Feature record: CXX_FEATURE:0cxx_inheriting_constructors
    Feature record: CXX_FEATURE:0cxx_inline_namespaces
    Feature record: CXX_FEATURE:0cxx_lambdas
    Feature record: CXX_FEATURE:0cxx_lambda_init_captures
    Feature record: CXX_FEATURE:0cxx_local_type_template_args
    Feature record: CXX_FEATURE:0cxx_long_long_type
    Feature record: CXX_FEATURE:0cxx_noexcept
    Feature record: CXX_FEATURE:0cxx_nonstatic_member_init
    Feature record: CXX_FEATURE:0cxx_nullptr
    Feature record: CXX_FEATURE:0cxx_override
    Feature record: CXX_FEATURE:0cxx_range_for
    Feature record: CXX_FEATURE:0cxx_raw_string_literals
    Feature record: CXX_FEATURE:0cxx_reference_qualified_functions
    Feature record: CXX_FEATURE:0cxx_relaxed_constexpr
    Feature record: CXX_FEATURE:0cxx_return_type_deduction
    Feature record: CXX_FEATURE:0cxx_right_angle_brackets
    Feature record: CXX_FEATURE:0cxx_rvalue_references
    Feature record: CXX_FEATURE:0cxx_sizeof_member
    Feature record: CXX_FEATURE:0cxx_static_assert
    Feature record: CXX_FEATURE:0cxx_strong_enums
    Feature record: CXX_FEATURE:0cxx_template_template_parameters
    Feature record: CXX_FEATURE:0cxx_thread_local
    Feature record: CXX_FEATURE:0cxx_trailing_return_types
    Feature record: CXX_FEATURE:0cxx_unicode_literals
    Feature record: CXX_FEATURE:0cxx_uniform_initialization
    Feature record: CXX_FEATURE:0cxx_unrestricted_unions
    Feature record: CXX_FEATURE:0cxx_user_literals
    Feature record: CXX_FEATURE:0cxx_variable_templates
    Feature record: CXX_FEATURE:0cxx_variadic_macros
    Feature record: CXX_FEATURE:0cxx_variadic_templates
