
scontrol show jobid 7999245
JobId=7999245 JobName=debugjob-1-qed
   UserId=qed(3121029) GroupId=myano(6007398) MCS_label=N/A
   Priority=12304138 Nice=0 Account=ctb-myano QOS=normal
   JobState=COMPLETING Reason=TimeLimit Dependency=(null)
   Requeue=0 Restarts=0 BatchFlag=0 Reboot=0 ExitCode=0:0
   RunTime=01:00:08 TimeLimit=01:00:00 TimeMin=N/A
   SubmitTime=2022-08-19T13:39:00 EligibleTime=2022-08-19T13:39:00
   AccrueTime=2022-08-19T13:39:00
   StartTime=2022-08-19T13:39:03 EndTime=2022-08-19T14:39:11 Deadline=N/A
   SuspendTime=None SecsPreSuspend=0 LastSchedEval=2022-08-19T13:39:03 Scheduler=Main
   Partition=debug AllocNode:Sid=nia-login02:129774
   ReqNodeList=(null) ExcNodeList=(null)
   NodeList=nia0235
   BatchHost=nia0235
   NumNodes=1 NumCPUs=80 NumTasks=40 CPUs/Task=1 ReqB:S:C:T=0:0:*:*
   TRES=cpu=80,mem=175000M,node=1,billing=40
   Socks/Node=* NtasksPerN:B:S:C=0:0:*:* CoreSpec=*
   MinCPUsNode=1 MinMemoryNode=175000M MinTmpDiskNode=0
   Features=[skylake|cascade] DelayBoot=00:00:00
   OverSubscribe=NO Contiguous=0 Licenses=(null) Network=(null)
   Command=(null)
   WorkDir=/gpfs/fs0/scratch/m/myano/qed/aps_cases/naca_euler_optim/build
   Comment=/opt/slurm/bin/salloc --time=1:0:0 --job-name=debugjob-1-qed --nodes=1 --ntasks=40 -p debug --exclusive 
   Power=
   

sacct -j 7999245
JobID           JobName    Account    Elapsed  MaxVMSize     MaxRSS  SystemCPU    UserCPU ExitCode 
------------ ---------- ---------- ---------- ---------- ---------- ---------- ---------- -------- 
7999245      debugjob-+  ctb-myano   01:00:08                        47:47.910 1-12:16:01      0:0 
7999245.int+ interacti+  ctb-myano   01:01:08    632104K     12948K  00:04.483  00:12.549      0:9 
7999245.ext+     extern  ctb-myano   01:00:08    142384K      1124K   00:00:00   00:00:00      0:0 
7999245.0     pmi_proxy  ctb-myano   00:41:30  42212180K  10867972K  39:18.933 1-02:55:42      0:0 
7999245.1     pmi_proxy  ctb-myano   00:14:15  42215488K  10865800K  08:24.492   09:20:06      0:0 
