
scontrol show jobid 8081848
JobId=8081848 JobName=debugjob-2-qed
   UserId=qed(3121029) GroupId=myano(6007398) MCS_label=N/A
   Priority=12169301 Nice=0 Account=ctb-myano QOS=normal
   JobState=COMPLETED Reason=None Dependency=(null)
   Requeue=0 Restarts=0 BatchFlag=0 Reboot=0 ExitCode=0:0
   RunTime=00:13:51 TimeLimit=00:45:00 TimeMin=N/A
   SubmitTime=2022-08-29T20:36:29 EligibleTime=2022-08-29T20:36:29
   AccrueTime=Unknown
   StartTime=2022-08-29T20:36:29 EndTime=2022-08-29T20:50:20 Deadline=N/A
   SuspendTime=None SecsPreSuspend=0 LastSchedEval=2022-08-29T20:36:29 Scheduler=Main
   Partition=debug AllocNode:Sid=nia-login02:187921
   ReqNodeList=(null) ExcNodeList=(null)
   NodeList=nia[0001-0002]
   BatchHost=nia0001
   NumNodes=2 NumCPUs=160 NumTasks=80 CPUs/Task=1 ReqB:S:C:T=0:0:*:*
   TRES=cpu=160,mem=350000M,node=2,billing=80
   Socks/Node=* NtasksPerN:B:S:C=0:0:*:* CoreSpec=*
   MinCPUsNode=1 MinMemoryNode=175000M MinTmpDiskNode=0
   Features=[skylake|cascade] DelayBoot=00:00:00
   OverSubscribe=NO Contiguous=0 Licenses=(null) Network=(null)
   Command=(null)
   WorkDir=/gpfs/fs0/scratch/m/myano/qed/aps_cases/naca_euler_optim/build
   Comment=/opt/slurm/bin/salloc --time=0:45:0 --job-name=debugjob-2-qed --nodes=2 --ntasks=80 -p debug --exclusive 
   Power=
   

sacct -j 8081848
JobID           JobName    Account    Elapsed  MaxVMSize     MaxRSS  SystemCPU    UserCPU ExitCode 
------------ ---------- ---------- ---------- ---------- ---------- ---------- ---------- -------- 
8081848      debugjob-+  ctb-myano   00:13:51                        32:48.206   13:53:30      0:0 
8081848.int+ interacti+  ctb-myano   00:15:01   1487580K    150624K  00:06.511  00:14.370      0:9 
8081848.ext+     extern  ctb-myano   00:13:56    142384K      1128K   00:00:00   00:00:00      0:0 
8081848.0     pmi_proxy  ctb-myano   00:05:27  38268988K   6797264K  16:32.614   06:56:13      0:0 
8081848.1     pmi_proxy  ctb-myano   00:05:27  38268520K   6815932K  16:09.079   06:57:02      0:0 
