
scontrol show jobid 8075338
JobId=8075338 JobName=debugjob-1-qed
   UserId=qed(3121029) GroupId=myano(6007398) MCS_label=N/A
   Priority=12159046 Nice=0 Account=ctb-myano QOS=normal
   JobState=COMPLETING Reason=TimeLimit Dependency=(null)
   Requeue=0 Restarts=0 BatchFlag=0 Reboot=0 ExitCode=0:0
   RunTime=01:00:05 TimeLimit=01:00:00 TimeMin=N/A
   SubmitTime=2022-08-28T21:06:22 EligibleTime=2022-08-28T21:06:22
   AccrueTime=Unknown
   StartTime=2022-08-28T21:06:22 EndTime=2022-08-28T22:06:27 Deadline=N/A
   SuspendTime=None SecsPreSuspend=0 LastSchedEval=2022-08-28T21:06:22 Scheduler=Main
   Partition=debug AllocNode:Sid=nia-login01:151950
   ReqNodeList=(null) ExcNodeList=(null)
   NodeList=nia0005
   BatchHost=nia0005
   NumNodes=1 NumCPUs=80 NumTasks=40 CPUs/Task=1 ReqB:S:C:T=0:0:*:*
   TRES=cpu=80,mem=175000M,node=1,billing=40
   Socks/Node=* NtasksPerN:B:S:C=0:0:*:* CoreSpec=*
   MinCPUsNode=1 MinMemoryNode=175000M MinTmpDiskNode=0
   Features=[skylake|cascade] DelayBoot=00:00:00
   OverSubscribe=NO Contiguous=0 Licenses=(null) Network=(null)
   Command=(null)
   WorkDir=/gpfs/fs0/scratch/m/myano/qed/aps_cases/naca_euler_optim/build
   Comment=/opt/slurm/bin/salloc --time=1:0:0 --job-name=debugjob-1-qed --nodes=1 --ntasks=40 -p debug --exclusive 
   Power=
   

sacct -j 8075338
JobID           JobName    Account    Elapsed  MaxVMSize     MaxRSS  SystemCPU    UserCPU ExitCode 
------------ ---------- ---------- ---------- ---------- ---------- ---------- ---------- -------- 
8075338      debugjob-+  ctb-myano   01:00:05                        40:12.867 1-00:51:34      0:0 
8075338.int+ interacti+  ctb-myano   01:01:05   1487584K     98092K  00:08.106  00:24.197      0:9 
8075338.ext+     extern  ctb-myano   01:00:05    142384K       936K   00:00:00   00:00:00      0:0 
8075338.0     pmi_proxy  ctb-myano   00:05:45  38826108K   7380136K  05:38.600   03:42:36      0:0 
8075338.1     pmi_proxy  ctb-myano   00:05:54  38824916K   7384612K  05:56.298   03:48:52      0:0 
8075338.2     pmi_proxy  ctb-myano   00:09:54  38825772K   7379416K  10:32.985   06:24:21      0:0 
8075338.3     pmi_proxy  ctb-myano   00:16:54  38824832K   7388236K  17:56.875   10:55:18      0:0 
