
scontrol show jobid 7998975
JobId=7998975 JobName=debugjob-1-qed
   UserId=qed(3121029) GroupId=myano(6007398) MCS_label=N/A
   Priority=12302615 Nice=0 Account=ctb-myano QOS=normal
   JobState=COMPLETING Reason=TimeLimit Dependency=(null)
   Requeue=0 Restarts=0 BatchFlag=0 Reboot=0 ExitCode=0:0
   RunTime=01:00:00 TimeLimit=01:00:00 TimeMin=N/A
   SubmitTime=2022-08-19T12:10:11 EligibleTime=2022-08-19T12:10:11
   AccrueTime=Unknown
   StartTime=2022-08-19T12:10:11 EndTime=2022-08-19T13:10:11 Deadline=N/A
   SuspendTime=None SecsPreSuspend=0 LastSchedEval=2022-08-19T12:10:11 Scheduler=Main
   Partition=debug AllocNode:Sid=nia-login02:129774
   ReqNodeList=(null) ExcNodeList=(null)
   NodeList=nia0002
   BatchHost=nia0002
   NumNodes=1 NumCPUs=80 NumTasks=40 CPUs/Task=1 ReqB:S:C:T=0:0:*:*
   TRES=cpu=80,mem=175000M,node=1,billing=40
   Socks/Node=* NtasksPerN:B:S:C=0:0:*:* CoreSpec=*
   MinCPUsNode=1 MinMemoryNode=175000M MinTmpDiskNode=0
   Features=[skylake|cascade] DelayBoot=00:00:00
   OverSubscribe=NO Contiguous=0 Licenses=(null) Network=(null)
   Command=(null)
   WorkDir=/gpfs/fs0/scratch/m/myano/qed/aps_cases/naca_euler_optim/build
   Comment=/opt/slurm/bin/salloc --time=1:0:0 --job-name=debugjob-1-qed --nodes=1 --ntasks=40 -p debug --exclusive 
   Power=
   

sacct -j 7998975
JobID           JobName    Account    Elapsed  MaxVMSize     MaxRSS  SystemCPU    UserCPU ExitCode 
------------ ---------- ---------- ---------- ---------- ---------- ---------- ---------- -------- 
7998975      debugjob-+  ctb-myano   01:00:00                        08:25.687   07:47:45      0:0 
7998975.int+ interacti+  ctb-myano   01:01:00    632104K     12952K  00:01.270  00:01.336      0:9 
7998975.ext+     extern  ctb-myano   01:00:00    142384K       940K   00:00:00   00:00:00      0:0 
7998975.0     pmi_proxy  ctb-myano   00:11:58  42215624K  10877600K  08:24.416   07:47:43      0:0 
