
scontrol show jobid 8060712
JobId=8060712 JobName=debugjob-2-qed
   UserId=qed(3121029) GroupId=myano(6007398) MCS_label=N/A
   Priority=12165695 Nice=0 Account=ctb-myano QOS=normal
   JobState=COMPLETING Reason=None Dependency=(null)
   Requeue=0 Restarts=0 BatchFlag=0 Reboot=0 ExitCode=0:0
   RunTime=00:29:50 TimeLimit=00:45:00 TimeMin=N/A
   SubmitTime=2022-08-26T14:18:09 EligibleTime=2022-08-26T14:18:09
   AccrueTime=Unknown
   StartTime=2022-08-26T14:18:09 EndTime=2022-08-26T14:47:59 Deadline=N/A
   SuspendTime=None SecsPreSuspend=0 LastSchedEval=2022-08-26T14:18:09 Scheduler=Main
   Partition=debug AllocNode:Sid=nia-login03:156568
   ReqNodeList=(null) ExcNodeList=(null)
   NodeList=nia[0012,0021]
   BatchHost=nia0012
   NumNodes=2 NumCPUs=160 NumTasks=80 CPUs/Task=1 ReqB:S:C:T=0:0:*:*
   TRES=cpu=160,mem=350000M,node=2,billing=80
   Socks/Node=* NtasksPerN:B:S:C=0:0:*:* CoreSpec=*
   MinCPUsNode=1 MinMemoryNode=175000M MinTmpDiskNode=0
   Features=[skylake|cascade] DelayBoot=00:00:00
   OverSubscribe=NO Contiguous=0 Licenses=(null) Network=(null)
   Command=(null)
   WorkDir=/gpfs/fs0/scratch/m/myano/qed/aps_cases/naca_euler_optim/build
   Comment=/opt/slurm/bin/salloc --time=0:45:0 --job-name=debugjob-2-qed --nodes=2 --ntasks=80 -p debug --exclusive 
   Power=
   

sacct -j 8060712
JobID           JobName    Account    Elapsed  MaxVMSize     MaxRSS  SystemCPU    UserCPU ExitCode 
------------ ---------- ---------- ---------- ---------- ---------- ---------- ---------- -------- 
8060712      debugjob-+  ctb-myano   00:29:50                         01:01:10 1-12:08:37      0:0 
8060712.int+ interacti+  ctb-myano   00:29:50    698800K     13016K  00:00.513  00:00.747      0:0 
8060712.ext+     extern  ctb-myano   00:29:51    142384K      1132K  00:00.001   00:00:00      0:0 
8060712.0     pmi_proxy  ctb-myano   00:27:58  36499004K   4901256K   01:01:09 1-12:08:36      0:0 
