
scontrol show jobid 8058476
JobId=8058476 JobName=debugjob-2-qed
   UserId=qed(3121029) GroupId=myano(6007398) MCS_label=N/A
   Priority=12160211 Nice=0 Account=ctb-myano QOS=normal
   JobState=TIMEOUT Reason=TimeLimit Dependency=(null)
   Requeue=0 Restarts=0 BatchFlag=0 Reboot=0 ExitCode=0:0
   RunTime=00:45:14 TimeLimit=00:45:00 TimeMin=N/A
   SubmitTime=2022-08-26T10:59:30 EligibleTime=2022-08-26T10:59:30
   AccrueTime=Unknown
   StartTime=2022-08-26T10:59:30 EndTime=2022-08-26T11:44:44 Deadline=N/A
   SuspendTime=None SecsPreSuspend=0 LastSchedEval=2022-08-26T10:59:30 Scheduler=Main
   Partition=debug AllocNode:Sid=nia-login03:156568
   ReqNodeList=(null) ExcNodeList=(null)
   NodeList=nia[0002-0003]
   BatchHost=nia0002
   NumNodes=2 NumCPUs=160 NumTasks=80 CPUs/Task=1 ReqB:S:C:T=0:0:*:*
   TRES=cpu=160,mem=350000M,node=2,billing=80
   Socks/Node=* NtasksPerN:B:S:C=0:0:*:* CoreSpec=*
   MinCPUsNode=1 MinMemoryNode=175000M MinTmpDiskNode=0
   Features=[skylake|cascade] DelayBoot=00:00:00
   OverSubscribe=NO Contiguous=0 Licenses=(null) Network=(null)
   Command=(null)
   WorkDir=/gpfs/fs0/scratch/m/myano/qed/aps_cases/naca_euler_optim/build
   Comment=/opt/slurm/bin/salloc --time=0:45:0 --job-name=debugjob-2-qed --nodes=2 --ntasks=80 -p debug --exclusive 
   Power=
   

sacct -j 8058476
JobID           JobName    Account    Elapsed  MaxVMSize     MaxRSS  SystemCPU    UserCPU ExitCode 
------------ ---------- ---------- ---------- ---------- ---------- ---------- ---------- -------- 
8058476      debugjob-+  ctb-myano   00:45:14                         01:32:44 2-01:25:23      0:0 
8058476.int+ interacti+  ctb-myano   00:46:14   1388052K    508432K  00:10.445  00:33.080      0:9 
8058476.ext+     extern  ctb-myano   00:45:14    142384K      1132K   00:00:00   00:00:00      0:0 
8058476.0     pmi_proxy  ctb-myano   00:03:56  35875308K   4291340K  10:50.012   05:00:55      0:0 
8058476.1     pmi_proxy  ctb-myano   00:08:03  36490484K   4661768K  19:21.607   10:21:08      0:0 
8058476.2     pmi_proxy  ctb-myano   00:10:14  36491940K   4571100K  24:07.531   13:11:11      0:0 
8058476.3     pmi_proxy  ctb-myano   00:08:09  36489584K   4623636K  19:03.458   10:31:02      0:0 
8058476.4     pmi_proxy  ctb-myano   00:08:03  36489796K   4657536K  19:11.574   10:20:32      0:0 
