
scontrol show jobid 8000645
JobId=8000645 JobName=debugjob-1-qed
   UserId=qed(3121029) GroupId=myano(6007398) MCS_label=N/A
   Priority=12285341 Nice=0 Account=ctb-myano QOS=normal
   JobState=COMPLETING Reason=None Dependency=(null)
   Requeue=0 Restarts=0 BatchFlag=0 Reboot=0 ExitCode=0:0
   RunTime=00:52:14 TimeLimit=01:00:00 TimeMin=N/A
   SubmitTime=2022-08-19T15:44:08 EligibleTime=2022-08-19T15:44:08
   AccrueTime=Unknown
   StartTime=2022-08-19T15:44:08 EndTime=2022-08-19T16:36:22 Deadline=N/A
   SuspendTime=None SecsPreSuspend=0 LastSchedEval=2022-08-19T15:44:08 Scheduler=Main
   Partition=debug AllocNode:Sid=nia-login02:129774
   ReqNodeList=(null) ExcNodeList=(null)
   NodeList=nia0001
   BatchHost=nia0001
   NumNodes=1 NumCPUs=80 NumTasks=40 CPUs/Task=1 ReqB:S:C:T=0:0:*:*
   TRES=cpu=80,mem=175000M,node=1,billing=40
   Socks/Node=* NtasksPerN:B:S:C=0:0:*:* CoreSpec=*
   MinCPUsNode=1 MinMemoryNode=175000M MinTmpDiskNode=0
   Features=[skylake|cascade] DelayBoot=00:00:00
   OverSubscribe=NO Contiguous=0 Licenses=(null) Network=(null)
   Command=(null)
   WorkDir=/gpfs/fs0/scratch/m/myano/qed/aps_cases/naca_euler_optim/build
   Comment=/opt/slurm/bin/salloc --time=1:0:0 --job-name=debugjob-1-qed --nodes=1 --ntasks=40 -p debug --exclusive 
   Power=
   

sacct -j 8000645
JobID           JobName    Account    Elapsed  MaxVMSize     MaxRSS  SystemCPU    UserCPU ExitCode 
------------ ---------- ---------- ---------- ---------- ---------- ---------- ---------- -------- 
8000645      debugjob-+  ctb-myano   00:52:14                        32:47.473 1-03:11:19      0:0 
8000645.int+ interacti+  ctb-myano   00:52:14   1579548K    642252K  00:05.904  00:18.531      0:0 
8000645.ext+     extern  ctb-myano   00:52:14    142384K       936K   00:00:00   00:00:00      0:0 
8000645.0     pmi_proxy  ctb-myano   00:13:56  42215592K  10892700K  14:14.094   09:00:14      0:0 
8000645.1     pmi_proxy  ctb-myano   00:10:01  42215656K  10056128K  07:47.641   06:31:56      0:0 
8000645.2     pmi_proxy  ctb-myano   00:17:48  42213956K  10655.50M  10:39.833   11:38:49      0:0 
