
scontrol show jobid 7999514
JobId=7999514 JobName=debugjob-1-qed
   UserId=qed(3121029) GroupId=myano(6007398) MCS_label=N/A
   Priority=12297213 Nice=0 Account=ctb-myano QOS=normal
   JobState=COMPLETING Reason=TimeLimit Dependency=(null)
   Requeue=0 Restarts=0 BatchFlag=0 Reboot=0 ExitCode=0:0
   RunTime=01:00:17 TimeLimit=01:00:00 TimeMin=N/A
   SubmitTime=2022-08-19T14:42:07 EligibleTime=2022-08-19T14:42:07
   AccrueTime=2022-08-19T14:42:07
   StartTime=2022-08-19T14:42:44 EndTime=2022-08-19T15:43:01 Deadline=N/A
   SuspendTime=None SecsPreSuspend=0 LastSchedEval=2022-08-19T14:42:44 Scheduler=Main
   Partition=debug AllocNode:Sid=nia-login02:129774
   ReqNodeList=(null) ExcNodeList=(null)
   NodeList=nia0001
   BatchHost=nia0001
   NumNodes=1 NumCPUs=80 NumTasks=40 CPUs/Task=1 ReqB:S:C:T=0:0:*:*
   TRES=cpu=80,mem=175000M,node=1,billing=40
   Socks/Node=* NtasksPerN:B:S:C=0:0:*:* CoreSpec=*
   MinCPUsNode=1 MinMemoryNode=175000M MinTmpDiskNode=0
   Features=[skylake|cascade] DelayBoot=00:00:00
   OverSubscribe=NO Contiguous=0 Licenses=(null) Network=(null)
   Command=(null)
   WorkDir=/gpfs/fs0/scratch/m/myano/qed/aps_cases/naca_euler_optim/build
   Comment=/opt/slurm/bin/salloc --time=1:0:0 --job-name=debugjob-1-qed --nodes=1 --ntasks=40 -p debug --exclusive 
   Power=
   

sacct -j 7999514
JobID           JobName    Account    Elapsed  MaxVMSize     MaxRSS  SystemCPU    UserCPU ExitCode 
------------ ---------- ---------- ---------- ---------- ---------- ---------- ---------- -------- 
7999514      debugjob-+  ctb-myano   01:00:17                        27:32.994 1-07:54:33      0:0 
7999514.int+ interacti+  ctb-myano   01:01:17    632104K     12920K  00:03.774  00:08.154      0:9 
7999514.ext+     extern  ctb-myano   01:00:17    142384K       940K   00:00:00   00:00:00      0:0 
7999514.0     pmi_proxy  ctb-myano   00:35:27  41227.50M  10871496K  15:07.017   23:18:28      0:0 
7999514.1     pmi_proxy  ctb-myano   00:13:26  42212796K  10865376K  12:22.203   08:35:57      0:0 
